#
# There is insufficient memory for the Java Runtime Environment to continue.
# Native memory allocation (malloc) failed to allocate 1190896 bytes for Chunk::new
# Possible reasons:
#   The system is out of physical RAM or swap space
#   The process is running with CompressedOops enabled, and the Java Heap may be blocking the growth of the native heap
# Possible solutions:
#   Reduce memory load on the system
#   Increase physical memory or swap space
#   Check if swap backing store is full
#   Decrease Java heap size (-Xmx/-Xms)
#   Decrease number of Java threads
#   Decrease Java thread stack sizes (-Xss)
#   Set larger code cache with -XX:ReservedCodeCacheSize=
#   JVM is running with Unscaled Compressed Oops mode in which the Java heap is
#     placed in the first 4GB address space. The Java Heap base address is the
#     maximum limit for the native heap growth. Please use -XX:HeapBaseMinAddress
#     to set the Java Heap base and to place the Java Heap above 4GB virtual address.
# This output file may be truncated or incomplete.
#
#  Out of Memory Error (arena.cpp:184), pid=14748, tid=4976
#
# JRE version: Java(TM) SE Runtime Environment (18.0.2.1+1) (build 18.0.2.1+1-1)
# Java VM: Java HotSpot(TM) 64-Bit Server VM (18.0.2.1+1-1, mixed mode, sharing, tiered, compressed oops, compressed class ptrs, g1 gc, windows-amd64)
# No core dump will be written. Minidumps are not enabled by default on client versions of Windows
#

---------------  S U M M A R Y ------------

Command Line: -javaagent:C:\Program Files\JetBrains\IntelliJ IDEA Community Edition 2023.2.2\lib\idea_rt.jar=65164:C:\Program Files\JetBrains\IntelliJ IDEA Community Edition 2023.2.2\bin -Dfile.encoding=UTF-8 -Dsun.stdout.encoding=UTF-8 -Dsun.stderr.encoding=UTF-8 com.example.foodApp.FoodAppApplication

Host: AMD Ryzen 5 5500U with Radeon Graphics         , 12 cores, 7G,  Windows 11 , 64 bit Build 22621 (10.0.22621.3958)
Time: Wed Aug 28 21:49:11 2024 SE Asia Standard Time elapsed time: 13.179079 seconds (0d 0h 0m 13s)

---------------  T H R E A D  ---------------

Current thread (0x000002146d673a30):  JavaThread "C2 CompilerThread0" daemon [_thread_in_native, id=4976, stack(0x0000004f03d00000,0x0000004f03e00000)]


Current CompileTask:
C2:  13179 12044   !   4       io.jsonwebtoken.impl.DefaultJwtParser::parse (1310 bytes)

Stack: [0x0000004f03d00000,0x0000004f03e00000]
Native frames: (J=compiled Java code, j=interpreted, Vv=VM code, C=native code)
V  [jvm.dll+0x6993aa]
V  [jvm.dll+0x7f46dd]
V  [jvm.dll+0x7f5fee]
V  [jvm.dll+0x7f66a3]
V  [jvm.dll+0x25cf1f]
V  [jvm.dll+0xb8c2f]
V  [jvm.dll+0xb8fa5]
V  [jvm.dll+0x386091]
V  [jvm.dll+0x1d2b72]
V  [jvm.dll+0x230259]
V  [jvm.dll+0x22f4d1]
V  [jvm.dll+0x1ba01c]
V  [jvm.dll+0x23ee0a]
V  [jvm.dll+0x23d0f5]
V  [jvm.dll+0x7a6dd1]
V  [jvm.dll+0x7a120a]
V  [jvm.dll+0x698255]
C  [ucrtbase.dll+0x29333]
C  [KERNEL32.DLL+0x1257d]
C  [ntdll.dll+0x5af28]


---------------  P R O C E S S  ---------------

Threads class SMR info:
_java_thread_list=0x0000021476918b80, length=35, elements={
0x000002146d659000, 0x000002146d659c60, 0x000002146d671170, 0x000002146d671a20,
0x000002146d6723c0, 0x000002146d672d60, 0x000002146d673a30, 0x000002146d674410,
0x000002146d683320, 0x00000214718aa1c0, 0x0000021471cf7f80, 0x0000021471cfe500,
0x0000021472417da0, 0x000002147241a420, 0x000002147241a8f0, 0x000002147241adc0,
0x0000021472418270, 0x0000021472418c10, 0x0000021472417400, 0x00000214724195b0,
0x00000214755948e0, 0x00000214755900b0, 0x000002147558f240, 0x0000021475595c20,
0x00000214755930d0, 0x0000021475592c00, 0x0000021475592260, 0x0000021471b76510,
0x0000021473c585d0, 0x0000021475590a50, 0x00000214755918c0, 0x0000021475591d90,
0x00000214755935a0, 0x0000021475593a70, 0x0000021477545c80
}

Java Threads: ( => current thread )
  0x000002146d659000 JavaThread "Reference Handler" daemon [_thread_blocked, id=20124, stack(0x0000004f03700000,0x0000004f03800000)]
  0x000002146d659c60 JavaThread "Finalizer" daemon [_thread_blocked, id=16444, stack(0x0000004f03800000,0x0000004f03900000)]
  0x000002146d671170 JavaThread "Signal Dispatcher" daemon [_thread_blocked, id=15256, stack(0x0000004f03900000,0x0000004f03a00000)]
  0x000002146d671a20 JavaThread "Attach Listener" daemon [_thread_blocked, id=12124, stack(0x0000004f03a00000,0x0000004f03b00000)]
  0x000002146d6723c0 JavaThread "Service Thread" daemon [_thread_blocked, id=7996, stack(0x0000004f03b00000,0x0000004f03c00000)]
  0x000002146d672d60 JavaThread "Monitor Deflation Thread" daemon [_thread_blocked, id=12700, stack(0x0000004f03c00000,0x0000004f03d00000)]
=>0x000002146d673a30 JavaThread "C2 CompilerThread0" daemon [_thread_in_native, id=4976, stack(0x0000004f03d00000,0x0000004f03e00000)]
  0x000002146d674410 JavaThread "C1 CompilerThread0" daemon [_thread_in_native, id=19252, stack(0x0000004f03e00000,0x0000004f03f00000)]
  0x000002146d683320 JavaThread "Sweeper thread" daemon [_thread_blocked, id=18248, stack(0x0000004f03f00000,0x0000004f04000000)]
  0x00000214718aa1c0 JavaThread "Common-Cleaner" daemon [_thread_blocked, id=8000, stack(0x0000004f04000000,0x0000004f04100000)]
  0x0000021471cf7f80 JavaThread "Monitor Ctrl-Break" daemon [_thread_in_native, id=5076, stack(0x0000004f04100000,0x0000004f04200000)]
  0x0000021471cfe500 JavaThread "Notification Thread" daemon [_thread_blocked, id=5320, stack(0x0000004f04200000,0x0000004f04300000)]
  0x0000021472417da0 JavaThread "Catalina-utility-1" [_thread_blocked, id=18320, stack(0x0000004f05300000,0x0000004f05400000)]
  0x000002147241a420 JavaThread "Catalina-utility-2" [_thread_blocked, id=8208, stack(0x0000004f05400000,0x0000004f05500000)]
  0x000002147241a8f0 JavaThread "http-nio-8088-exec-1" daemon [_thread_blocked, id=10484, stack(0x0000004f05500000,0x0000004f05600000)]
  0x000002147241adc0 JavaThread "http-nio-8088-exec-2" daemon [_thread_in_Java, id=7948, stack(0x0000004f05600000,0x0000004f05700000)]
  0x0000021472418270 JavaThread "http-nio-8088-exec-3" daemon [_thread_blocked, id=8320, stack(0x0000004f05700000,0x0000004f05800000)]
  0x0000021472418c10 JavaThread "http-nio-8088-exec-4" daemon [_thread_blocked, id=14832, stack(0x0000004f05800000,0x0000004f05900000)]
  0x0000021472417400 JavaThread "http-nio-8088-exec-5" daemon [_thread_blocked, id=13232, stack(0x0000004f05900000,0x0000004f05a00000)]
  0x00000214724195b0 JavaThread "http-nio-8088-exec-6" daemon [_thread_blocked, id=10448, stack(0x0000004f05a00000,0x0000004f05b00000)]
  0x00000214755948e0 JavaThread "http-nio-8088-exec-7" daemon [_thread_in_native, id=7936, stack(0x0000004f05b00000,0x0000004f05c00000)]
  0x00000214755900b0 JavaThread "http-nio-8088-exec-8" daemon [_thread_in_native, id=708, stack(0x0000004f05c00000,0x0000004f05d00000)]
  0x000002147558f240 JavaThread "http-nio-8088-exec-9" daemon [_thread_in_Java, id=20376, stack(0x0000004f05d00000,0x0000004f05e00000)]
  0x0000021475595c20 JavaThread "http-nio-8088-exec-10" daemon [_thread_in_native, id=3468, stack(0x0000004f05e00000,0x0000004f05f00000)]
  0x00000214755930d0 JavaThread "container-0" [_thread_blocked, id=7820, stack(0x0000004f05f00000,0x0000004f06000000)]
  0x0000021475592c00 JavaThread "mysql-cj-abandoned-connection-cleanup" daemon [_thread_blocked, id=336, stack(0x0000004f06000000,0x0000004f06100000)]
  0x0000021475592260 JavaThread "HikariPool-1 housekeeper" daemon [_thread_blocked, id=1752, stack(0x0000004f06200000,0x0000004f06300000)]
  0x0000021471b76510 JavaThread "C2 CompilerThread1" daemon [_thread_in_native, id=9476, stack(0x0000004f04400000,0x0000004f04500000)]
  0x0000021473c585d0 JavaThread "C2 CompilerThread2" daemon [_thread_in_native, id=1636, stack(0x0000004f05100000,0x0000004f05200000)]
  0x0000021475590a50 JavaThread "File Watcher" daemon [_thread_blocked, id=11448, stack(0x0000004f06400000,0x0000004f06500000)]
  0x00000214755918c0 JavaThread "Live Reload Server" daemon [_thread_in_native, id=1488, stack(0x0000004f06600000,0x0000004f06700000)]
  0x0000021475591d90 JavaThread "http-nio-8088-Poller" daemon [_thread_in_native, id=16736, stack(0x0000004f06500000,0x0000004f06600000)]
  0x00000214755935a0 JavaThread "http-nio-8088-Acceptor" daemon [_thread_in_native, id=19300, stack(0x0000004f06700000,0x0000004f06800000)]
  0x0000021475593a70 JavaThread "DestroyJavaVM" [_thread_blocked, id=2388, stack(0x0000004f03000000,0x0000004f03100000)]
  0x0000021477545c80 JavaThread "HikariPool-1 connection adder" daemon [_thread_blocked, id=19240, stack(0x0000004f04b00000,0x0000004f04c00000)]

Other Threads:
  0x000002144d6e6920 VMThread "VM Thread" [stack: 0x0000004f03600000,0x0000004f03700000] [id=10332]
  0x0000021471d00f10 WatcherThread "VM Periodic Task Thread" [stack: 0x0000004f04300000,0x0000004f04400000] [id=9332]
  0x000002144d6c1630 WorkerThread "GC Thread#0" [stack: 0x0000004f03100000,0x0000004f03200000] [id=14004]
  0x0000021471fc2330 WorkerThread "GC Thread#1" [stack: 0x0000004f04500000,0x0000004f04600000] [id=18348]
  0x0000021472604bd0 WorkerThread "GC Thread#2" [stack: 0x0000004f04600000,0x0000004f04700000] [id=15300]
  0x0000021472604e70 WorkerThread "GC Thread#3" [stack: 0x0000004f04700000,0x0000004f04800000] [id=2636]
  0x0000021472605110 WorkerThread "GC Thread#4" [stack: 0x0000004f04800000,0x0000004f04900000] [id=7540]
  0x00000214726053b0 WorkerThread "GC Thread#5" [stack: 0x0000004f04900000,0x0000004f04a00000] [id=944]
  0x0000021472657810 WorkerThread "GC Thread#6" [stack: 0x0000004f04a00000,0x0000004f04b00000] [id=15720]
  0x0000021472be3e90 WorkerThread "GC Thread#7" [stack: 0x0000004f04e00000,0x0000004f04f00000] [id=9008]
  0x00000214727881f0 WorkerThread "GC Thread#8" [stack: 0x0000004f04f00000,0x0000004f05000000] [id=8664]
  0x0000021472ec1bf0 WorkerThread "GC Thread#9" [stack: 0x0000004f05000000,0x0000004f05100000] [id=17652]
  0x000002144d6d1060 ConcurrentGCThread "G1 Main Marker" [stack: 0x0000004f03200000,0x0000004f03300000] [id=16108]
  0x000002144d6d1a50 WorkerThread "G1 Conc#0" [stack: 0x0000004f03300000,0x0000004f03400000] [id=3044]
  0x0000021472a6a000 WorkerThread "G1 Conc#1" [stack: 0x0000004f04d00000,0x0000004f04e00000] [id=10412]
  0x0000021472a6b500 WorkerThread "G1 Conc#2" [stack: 0x0000004f05200000,0x0000004f05300000] [id=12764]
  0x000002144d70ecb0 ConcurrentGCThread "G1 Refine#0" [stack: 0x0000004f03400000,0x0000004f03500000] [id=10972]
  0x000002146d514440 ConcurrentGCThread "G1 Service" [stack: 0x0000004f03500000,0x0000004f03600000] [id=4468]

Threads with active compile tasks:
C2 CompilerThread0    13210 12044   !   4       io.jsonwebtoken.impl.DefaultJwtParser::parse (1310 bytes)
C1 CompilerThread0    13210 12713   !   2       org.hibernate.sql.ast.spi.AbstractSqlAstTranslator::visitQuerySpec (429 bytes)
C2 CompilerThread1    13210 11653   !   4       java.util.ServiceLoader$LazyClassPathLookupIterator::hasNextService (144 bytes)
C2 CompilerThread2    13210 11927       4       com.mysql.cj.QueryInfo::<init> (1618 bytes)

VM state: not at safepoint (normal execution)

VM Mutex/Monitor currently owned by a thread: None

Heap address: 0x000000008a800000, size: 1880 MB, Compressed Oops mode: 32-bit

CDS archive(s) mapped at: [0x0000000800000000-0x0000000800ba0000-0x0000000800ba0000), size 12189696, SharedBaseAddress: 0x0000000800000000, ArchiveRelocationMode: 0.
Compressed class space mapped at: 0x0000000800c00000-0x0000000840c00000, reserved size: 1073741824
Narrow klass base: 0x0000000800000000, Narrow klass shift: 0, Narrow klass range: 0x100000000

GC Precious Log:
 CardTable entry size: 512
 Card Set container configuration: InlinePtr #cards 5 size 8 Array Of Cards #cards 12 size 40 Howl #buckets 4 coarsen threshold 1843 Howl Bitmap #cards 512 size 80 coarsen threshold 460 Card regions per heap region 1 cards per card region 2048
 CPUs: 12 total, 12 available
 Memory: 7514M
 Large Page Support: Disabled
 NUMA Support: Disabled
 Compressed Oops: Enabled (32-bit)
 Heap Region Size: 1M
 Heap Min Capacity: 8M
 Heap Initial Capacity: 118M
 Heap Max Capacity: 1880M
 Pre-touch: Disabled
 Parallel Workers: 10
 Concurrent Workers: 3
 Concurrent Refinement Workers: 10
 Periodic GC: Disabled

Heap:
 garbage-first heap   total 97280K, used 56545K [0x000000008a800000, 0x0000000100000000)
  region size 1024K, 19 young (19456K), 1 survivors (1024K)
 Metaspace       used 81615K, committed 82432K, reserved 1179648K
  class space    used 10814K, committed 11200K, reserved 1048576K

Heap Regions: E=young(eden), S=young(survivor), O=old, HS=humongous(starts), HC=humongous(continues), CS=collection set, F=free, OA=open archive, CA=closed archive, TAMS=top-at-mark-start (previous, next)
|   0|0x000000008a800000, 0x000000008a900000, 0x000000008a900000|100%|HS|  |TAMS 0x000000008a900000, 0x000000008a800000| Complete 
|   1|0x000000008a900000, 0x000000008aa00000, 0x000000008aa00000|100%| O|  |TAMS 0x000000008aa00000, 0x000000008a900000| Untracked 
|   2|0x000000008aa00000, 0x000000008ab00000, 0x000000008ab00000|100%| O|  |TAMS 0x000000008ab00000, 0x000000008aa00000| Untracked 
|   3|0x000000008ab00000, 0x000000008ac00000, 0x000000008ac00000|100%| O|  |TAMS 0x000000008ac00000, 0x000000008ab00000| Untracked 
|   4|0x000000008ac00000, 0x000000008ad00000, 0x000000008ad00000|100%| O|  |TAMS 0x000000008ad00000, 0x000000008ac00000| Untracked 
|   5|0x000000008ad00000, 0x000000008ae00000, 0x000000008ae00000|100%| O|  |TAMS 0x000000008ae00000, 0x000000008ad00000| Untracked 
|   6|0x000000008ae00000, 0x000000008af00000, 0x000000008af00000|100%| O|  |TAMS 0x000000008af00000, 0x000000008ae00000| Untracked 
|   7|0x000000008af00000, 0x000000008aff0600, 0x000000008b000000| 93%| O|  |TAMS 0x000000008af00000, 0x000000008af00000| Untracked 
|   8|0x000000008b000000, 0x000000008b100000, 0x000000008b100000|100%| O|  |TAMS 0x000000008b100000, 0x000000008b000000| Untracked 
|   9|0x000000008b100000, 0x000000008b200000, 0x000000008b200000|100%| O|  |TAMS 0x000000008b200000, 0x000000008b100000| Untracked 
|  10|0x000000008b200000, 0x000000008b300000, 0x000000008b300000|100%| O|  |TAMS 0x000000008b300000, 0x000000008b200000| Untracked 
|  11|0x000000008b300000, 0x000000008b400000, 0x000000008b400000|100%| O|  |TAMS 0x000000008b400000, 0x000000008b300000| Untracked 
|  12|0x000000008b400000, 0x000000008b500000, 0x000000008b500000|100%| O|  |TAMS 0x000000008b500000, 0x000000008b400000| Untracked 
|  13|0x000000008b500000, 0x000000008b600000, 0x000000008b600000|100%| O|  |TAMS 0x000000008b600000, 0x000000008b500000| Untracked 
|  14|0x000000008b600000, 0x000000008b700000, 0x000000008b700000|100%| O|  |TAMS 0x000000008b700000, 0x000000008b600000| Untracked 
|  15|0x000000008b700000, 0x000000008b800000, 0x000000008b800000|100%| O|  |TAMS 0x000000008b800000, 0x000000008b700000| Untracked 
|  16|0x000000008b800000, 0x000000008b900000, 0x000000008b900000|100%| O|  |TAMS 0x000000008b900000, 0x000000008b800000| Untracked 
|  17|0x000000008b900000, 0x000000008ba00000, 0x000000008ba00000|100%| O|  |TAMS 0x000000008ba00000, 0x000000008b900000| Untracked 
|  18|0x000000008ba00000, 0x000000008bb00000, 0x000000008bb00000|100%| O|  |TAMS 0x000000008bb00000, 0x000000008ba00000| Untracked 
|  19|0x000000008bb00000, 0x000000008bc00000, 0x000000008bc00000|100%| O|  |TAMS 0x000000008bc00000, 0x000000008bb00000| Untracked 
|  20|0x000000008bc00000, 0x000000008bd00000, 0x000000008bd00000|100%| O|  |TAMS 0x000000008bd00000, 0x000000008bc00000| Untracked 
|  21|0x000000008bd00000, 0x000000008be00000, 0x000000008be00000|100%| O|  |TAMS 0x000000008be00000, 0x000000008bd00000| Untracked 
|  22|0x000000008be00000, 0x000000008bf00000, 0x000000008bf00000|100%| O|  |TAMS 0x000000008bf00000, 0x000000008be00000| Untracked 
|  23|0x000000008bf00000, 0x000000008c000000, 0x000000008c000000|100%| O|  |TAMS 0x000000008c000000, 0x000000008bf00000| Untracked 
|  24|0x000000008c000000, 0x000000008c100000, 0x000000008c100000|100%| O|  |TAMS 0x000000008c100000, 0x000000008c000000| Untracked 
|  25|0x000000008c100000, 0x000000008c200000, 0x000000008c200000|100%| O|  |TAMS 0x000000008c200000, 0x000000008c100000| Untracked 
|  26|0x000000008c200000, 0x000000008c300000, 0x000000008c300000|100%| O|  |TAMS 0x000000008c300000, 0x000000008c200000| Untracked 
|  27|0x000000008c300000, 0x000000008c400000, 0x000000008c400000|100%| O|  |TAMS 0x000000008c400000, 0x000000008c300000| Untracked 
|  28|0x000000008c400000, 0x000000008c500000, 0x000000008c500000|100%| O|  |TAMS 0x000000008c500000, 0x000000008c400000| Untracked 
|  29|0x000000008c500000, 0x000000008c600000, 0x000000008c600000|100%| O|  |TAMS 0x000000008c600000, 0x000000008c500000| Untracked 
|  30|0x000000008c600000, 0x000000008c700000, 0x000000008c700000|100%| O|  |TAMS 0x000000008c700000, 0x000000008c600000| Untracked 
|  31|0x000000008c700000, 0x000000008c800000, 0x000000008c800000|100%| O|  |TAMS 0x000000008c800000, 0x000000008c700000| Untracked 
|  32|0x000000008c800000, 0x000000008c900000, 0x000000008c900000|100%| O|  |TAMS 0x000000008c900000, 0x000000008c800000| Untracked 
|  33|0x000000008c900000, 0x000000008ca00000, 0x000000008ca00000|100%| O|  |TAMS 0x000000008ca00000, 0x000000008c900000| Untracked 
|  34|0x000000008ca00000, 0x000000008cb00000, 0x000000008cb00000|100%| O|  |TAMS 0x000000008cb00000, 0x000000008ca00000| Untracked 
|  35|0x000000008cb00000, 0x000000008cc00000, 0x000000008cc00000|100%| O|  |TAMS 0x000000008cc00000, 0x000000008cb00000| Untracked 
|  36|0x000000008cc00000, 0x000000008cd00000, 0x000000008cd00000|100%| O|  |TAMS 0x000000008cd00000, 0x000000008cc00000| Untracked 
|  37|0x000000008cd00000, 0x000000008ce00000, 0x000000008ce00000|100%| O|  |TAMS 0x000000008ce00000, 0x000000008cd00000| Untracked 
|  38|0x000000008ce00000, 0x000000008ce00000, 0x000000008cf00000|  0%| F|  |TAMS 0x000000008ce00000, 0x000000008ce00000| Untracked 
|  39|0x000000008cf00000, 0x000000008d000000, 0x000000008d000000|100%| O|  |TAMS 0x000000008cf18e00, 0x000000008cf00000| Untracked 
|  40|0x000000008d000000, 0x000000008d000000, 0x000000008d100000|  0%| F|  |TAMS 0x000000008d000000, 0x000000008d000000| Untracked 
|  41|0x000000008d100000, 0x000000008d100000, 0x000000008d200000|  0%| F|  |TAMS 0x000000008d100000, 0x000000008d100000| Untracked 
|  42|0x000000008d200000, 0x000000008d200000, 0x000000008d300000|  0%| F|  |TAMS 0x000000008d200000, 0x000000008d200000| Untracked 
|  43|0x000000008d300000, 0x000000008d300000, 0x000000008d400000|  0%| F|  |TAMS 0x000000008d300000, 0x000000008d300000| Untracked 
|  44|0x000000008d400000, 0x000000008d400000, 0x000000008d500000|  0%| F|  |TAMS 0x000000008d400000, 0x000000008d400000| Untracked 
|  45|0x000000008d500000, 0x000000008d500000, 0x000000008d600000|  0%| F|  |TAMS 0x000000008d500000, 0x000000008d500000| Untracked 
|  46|0x000000008d600000, 0x000000008d600000, 0x000000008d700000|  0%| F|  |TAMS 0x000000008d600000, 0x000000008d600000| Untracked 
|  47|0x000000008d700000, 0x000000008d700000, 0x000000008d800000|  0%| F|  |TAMS 0x000000008d700000, 0x000000008d700000| Untracked 
|  48|0x000000008d800000, 0x000000008d800000, 0x000000008d900000|  0%| F|  |TAMS 0x000000008d800000, 0x000000008d800000| Untracked 
|  49|0x000000008d900000, 0x000000008d900000, 0x000000008da00000|  0%| F|  |TAMS 0x000000008d900000, 0x000000008d900000| Untracked 
|  50|0x000000008da00000, 0x000000008da00000, 0x000000008db00000|  0%| F|  |TAMS 0x000000008da00000, 0x000000008da00000| Untracked 
|  51|0x000000008db00000, 0x000000008db00000, 0x000000008dc00000|  0%| F|  |TAMS 0x000000008db00000, 0x000000008db00000| Untracked 
|  52|0x000000008dc00000, 0x000000008dc00000, 0x000000008dd00000|  0%| F|  |TAMS 0x000000008dc00000, 0x000000008dc00000| Untracked 
|  53|0x000000008dd00000, 0x000000008dd48180, 0x000000008de00000| 28%| S|CS|TAMS 0x000000008dd00000, 0x000000008dd00000| Complete 
|  54|0x000000008de00000, 0x000000008de00000, 0x000000008df00000|  0%| F|  |TAMS 0x000000008de00000, 0x000000008de00000| Untracked 
|  55|0x000000008df00000, 0x000000008df00000, 0x000000008e000000|  0%| F|  |TAMS 0x000000008df00000, 0x000000008df00000| Untracked 
|  56|0x000000008e000000, 0x000000008e000000, 0x000000008e100000|  0%| F|  |TAMS 0x000000008e000000, 0x000000008e000000| Untracked 
|  57|0x000000008e100000, 0x000000008e100000, 0x000000008e200000|  0%| F|  |TAMS 0x000000008e100000, 0x000000008e100000| Untracked 
|  58|0x000000008e200000, 0x000000008e200000, 0x000000008e300000|  0%| F|  |TAMS 0x000000008e200000, 0x000000008e200000| Untracked 
|  59|0x000000008e300000, 0x000000008e300000, 0x000000008e400000|  0%| F|  |TAMS 0x000000008e300000, 0x000000008e300000| Untracked 
|  60|0x000000008e400000, 0x000000008e400000, 0x000000008e500000|  0%| F|  |TAMS 0x000000008e400000, 0x000000008e400000| Untracked 
|  61|0x000000008e500000, 0x000000008e500000, 0x000000008e600000|  0%| F|  |TAMS 0x000000008e500000, 0x000000008e500000| Untracked 
|  62|0x000000008e600000, 0x000000008e600000, 0x000000008e700000|  0%| F|  |TAMS 0x000000008e600000, 0x000000008e600000| Untracked 
|  63|0x000000008e700000, 0x000000008e700000, 0x000000008e800000|  0%| F|  |TAMS 0x000000008e700000, 0x000000008e700000| Untracked 
|  64|0x000000008e800000, 0x000000008e800000, 0x000000008e900000|  0%| F|  |TAMS 0x000000008e800000, 0x000000008e800000| Untracked 
|  65|0x000000008e900000, 0x000000008e900000, 0x000000008ea00000|  0%| F|  |TAMS 0x000000008e900000, 0x000000008e900000| Untracked 
|  66|0x000000008ea00000, 0x000000008ea00000, 0x000000008eb00000|  0%| F|  |TAMS 0x000000008ea00000, 0x000000008ea00000| Untracked 
|  67|0x000000008eb00000, 0x000000008eb00000, 0x000000008ec00000|  0%| F|  |TAMS 0x000000008eb00000, 0x000000008eb00000| Untracked 
|  68|0x000000008ec00000, 0x000000008ec00000, 0x000000008ed00000|  0%| F|  |TAMS 0x000000008ec00000, 0x000000008ec00000| Untracked 
|  69|0x000000008ed00000, 0x000000008ed00000, 0x000000008ee00000|  0%| F|  |TAMS 0x000000008ed00000, 0x000000008ed00000| Untracked 
|  70|0x000000008ee00000, 0x000000008ee00000, 0x000000008ef00000|  0%| F|  |TAMS 0x000000008ee00000, 0x000000008ee00000| Untracked 
|  71|0x000000008ef00000, 0x000000008ef00000, 0x000000008f000000|  0%| F|  |TAMS 0x000000008ef00000, 0x000000008ef00000| Untracked 
|  72|0x000000008f000000, 0x000000008f000000, 0x000000008f100000|  0%| F|  |TAMS 0x000000008f000000, 0x000000008f000000| Untracked 
|  73|0x000000008f100000, 0x000000008f100000, 0x000000008f200000|  0%| F|  |TAMS 0x000000008f100000, 0x000000008f100000| Untracked 
|  74|0x000000008f200000, 0x000000008f200000, 0x000000008f300000|  0%| F|  |TAMS 0x000000008f200000, 0x000000008f200000| Untracked 
|  75|0x000000008f300000, 0x000000008f300000, 0x000000008f400000|  0%| F|  |TAMS 0x000000008f300000, 0x000000008f300000| Untracked 
|  76|0x000000008f400000, 0x000000008f400000, 0x000000008f500000|  0%| F|  |TAMS 0x000000008f400000, 0x000000008f400000| Untracked 
|  77|0x000000008f500000, 0x000000008f591cd0, 0x000000008f600000| 56%| E|  |TAMS 0x000000008f500000, 0x000000008f500000| Complete 
|  78|0x000000008f600000, 0x000000008f700000, 0x000000008f700000|100%| E|CS|TAMS 0x000000008f600000, 0x000000008f600000| Complete 
|  79|0x000000008f700000, 0x000000008f800000, 0x000000008f800000|100%| E|CS|TAMS 0x000000008f700000, 0x000000008f700000| Complete 
|  80|0x000000008f800000, 0x000000008f900000, 0x000000008f900000|100%| E|CS|TAMS 0x000000008f800000, 0x000000008f800000| Complete 
|  81|0x000000008f900000, 0x000000008fa00000, 0x000000008fa00000|100%| E|CS|TAMS 0x000000008f900000, 0x000000008f900000| Complete 
|  82|0x000000008fa00000, 0x000000008fb00000, 0x000000008fb00000|100%| E|CS|TAMS 0x000000008fa00000, 0x000000008fa00000| Complete 
|  83|0x000000008fb00000, 0x000000008fc00000, 0x000000008fc00000|100%| E|CS|TAMS 0x000000008fb00000, 0x000000008fb00000| Complete 
|  84|0x000000008fc00000, 0x000000008fd00000, 0x000000008fd00000|100%| E|CS|TAMS 0x000000008fc00000, 0x000000008fc00000| Complete 
|  85|0x000000008fd00000, 0x000000008fe00000, 0x000000008fe00000|100%| E|CS|TAMS 0x000000008fd00000, 0x000000008fd00000| Complete 
|  86|0x000000008fe00000, 0x000000008ff00000, 0x000000008ff00000|100%| E|CS|TAMS 0x000000008fe00000, 0x000000008fe00000| Complete 
|  87|0x000000008ff00000, 0x0000000090000000, 0x0000000090000000|100%| E|CS|TAMS 0x000000008ff00000, 0x000000008ff00000| Complete 
|  88|0x0000000090000000, 0x0000000090100000, 0x0000000090100000|100%| E|CS|TAMS 0x0000000090000000, 0x0000000090000000| Complete 
|  89|0x0000000090100000, 0x0000000090200000, 0x0000000090200000|100%| E|CS|TAMS 0x0000000090100000, 0x0000000090100000| Complete 
|  90|0x0000000090200000, 0x0000000090300000, 0x0000000090300000|100%| E|CS|TAMS 0x0000000090200000, 0x0000000090200000| Complete 
|  91|0x0000000090300000, 0x0000000090400000, 0x0000000090400000|100%| E|CS|TAMS 0x0000000090300000, 0x0000000090300000| Complete 
|  92|0x0000000090400000, 0x0000000090500000, 0x0000000090500000|100%| E|CS|TAMS 0x0000000090400000, 0x0000000090400000| Complete 
|  93|0x0000000090500000, 0x0000000090600000, 0x0000000090600000|100%| E|  |TAMS 0x0000000090500000, 0x0000000090500000| Complete 
| 117|0x0000000091d00000, 0x0000000091e00000, 0x0000000091e00000|100%| E|CS|TAMS 0x0000000091d00000, 0x0000000091d00000| Complete 

Card table byte_map: [0x00000214667b0000,0x0000021466b60000] _byte_map_base: 0x000002146635c000

Marking Bits (Prev, Next): (CMBitMap*) 0x000002144d6c1c30, (CMBitMap*) 0x000002144d6c1c70
 Prev Bits: [0x0000021466f10000, 0x0000021468c70000)
 Next Bits: [0x0000021468c70000, 0x000002146a9d0000)

Polling page: 0x000002144d710000

Metaspace:

Usage:
  Non-class:     69.15 MB used.
      Class:     10.56 MB used.
       Both:     79.71 MB used.

Virtual space:
  Non-class space:      128.00 MB reserved,      69.56 MB ( 54%) committed,  2 nodes.
      Class space:        1.00 GB reserved,      10.94 MB (  1%) committed,  1 nodes.
             Both:        1.12 GB reserved,      80.50 MB (  7%) committed. 

Chunk freelists:
   Non-Class:  2.04 MB
       Class:  1.07 MB
        Both:  3.10 MB

MaxMetaspaceSize: unlimited
CompressedClassSpaceSize: 1.00 GB
Initial GC threshold: 21.00 MB
Current GC threshold: 122.12 MB
CDS: on
MetaspaceReclaimPolicy: balanced
 - commit_granule_bytes: 65536.
 - commit_granule_words: 8192.
 - virtual_space_node_default_size: 8388608.
 - enlarge_chunks_in_place: 1.
 - new_chunks_are_fully_committed: 0.
 - uncommit_free_chunks: 1.
 - use_allocation_guard: 0.


Internal statistics:

num_allocs_failed_limit: 6.
num_arena_births: 1168.
num_arena_deaths: 0.
num_vsnodes_births: 3.
num_vsnodes_deaths: 0.
num_space_committed: 1288.
num_space_uncommitted: 0.
num_chunks_returned_to_freelist: 6.
num_chunks_taken_from_freelist: 4148.
num_chunk_merges: 6.
num_chunk_splits: 3038.
num_chunks_enlarged: 2407.
num_inconsistent_stats: 0.

CodeHeap 'non-profiled nmethods': size=120000Kb used=6025Kb max_used=6025Kb free=113974Kb
 bounds [0x000002145e220000, 0x000002145e810000, 0x0000021465750000]
CodeHeap 'profiled nmethods': size=120000Kb used=22621Kb max_used=22621Kb free=97378Kb
 bounds [0x0000021456cf0000, 0x0000021458310000, 0x000002145e220000]
CodeHeap 'non-nmethods': size=5760Kb used=1417Kb max_used=1455Kb free=4342Kb
 bounds [0x0000021456750000, 0x00000214569c0000, 0x0000021456cf0000]
 total_blobs=11788 nmethods=11078 adapters=619
 compilation: enabled
              stopped_count=0, restarted_count=0
 full_count=0

Compilation events (20 events):
Event: 13.171 Thread 0x000002146d674410 nmethod 12669 0x00000214582eb790 code [0x00000214582eb960, 0x00000214582ebe58]
Event: 13.171 Thread 0x000002146d674410 12664       2       org.hibernate.query.sqm.internal.DomainParameterXref$$Lambda$1417/0x0000000801543870::apply (12 bytes)
Event: 13.171 Thread 0x000002146d674410 nmethod 12664 0x00000214582ec090 code [0x00000214582ec240, 0x00000214582ec3c8]
Event: 13.171 Thread 0x000002146d674410 12665       2       org.hibernate.query.sqm.internal.DomainParameterXref::lambda$from$0 (57 bytes)
Event: 13.172 Thread 0x000002146d674410 nmethod 12665 0x00000214582ec490 code [0x00000214582ec680, 0x00000214582ec9f8]
Event: 13.172 Thread 0x000002146d674410 12661       2       org.hibernate.internal.util.collections.LinkedIdentityHashMap::<init> (16 bytes)
Event: 13.172 Thread 0x000002146d674410 nmethod 12661 0x00000214582ecc10 code [0x00000214582ecdc0, 0x00000214582ed0f8]
Event: 13.172 Thread 0x000002146d674410 12667       2       org.hibernate.query.sqm.tree.select.SqmQuerySpec::collectSelectedFromSet (111 bytes)
Event: 13.173 Thread 0x000002146d674410 nmethod 12667 0x00000214582ed210 code [0x00000214582ed460, 0x00000214582ed9d8]
Event: 13.173 Thread 0x000002146d674410 12662       2       org.hibernate.internal.util.collections.LinkedIdentityHashMap$ArraySet::<init> (5 bytes)
Event: 13.173 Thread 0x000002146d674410 nmethod 12662 0x00000214582edd10 code [0x00000214582edea0, 0x00000214582ee018]
Event: 13.173 Thread 0x000002146d674410 12668       2       org.hibernate.sql.ast.tree.select.QuerySpec::applyPredicate (13 bytes)
Event: 13.173 Thread 0x000002146d674410 nmethod 12668 0x00000214582ee090 code [0x00000214582ee220, 0x00000214582ee3a8]
Event: 13.173 Thread 0x000002146d674410 12670   !   2       org.hibernate.sql.ast.spi.AbstractSqlAstTranslator::visitWhereClause (130 bytes)
Event: 13.174 Thread 0x000002146d674410 nmethod 12670 0x00000214582ee490 code [0x00000214582ee6c0, 0x00000214582eec18]
Event: 13.174 Thread 0x000002146d674410 12663       2       org.hibernate.query.sqm.internal.DomainParameterXref$$Lambda$1417/0x0000000801543870::<init> (10 bytes)
Event: 13.175 Thread 0x000002146d674410 nmethod 12663 0x00000214582ef190 code [0x00000214582ef320, 0x00000214582ef478]
Event: 13.175 Thread 0x000002146d674410 12672       2       org.springframework.transaction.support.ResourceHolderSupport::requested (11 bytes)
Event: 13.175 Thread 0x000002146d674410 nmethod 12672 0x00000214582ef510 code [0x00000214582ef6a0, 0x00000214582ef7b8]
Event: 13.175 Thread 0x000002146d674410 12671       2       org.hibernate.sql.exec.internal.CallbackImpl::invokeAfterLoadActions (46 bytes)

GC Heap History (20 events):
Event: 9.165 GC heap before
{Heap before GC invocations=26 (full 0):
 garbage-first heap   total 73728K, used 59508K [0x000000008a800000, 0x0000000100000000)
  region size 1024K, 26 young (26624K), 4 survivors (4096K)
 Metaspace       used 73400K, committed 74112K, reserved 1114112K
  class space    used 10020K, committed 10368K, reserved 1048576K
}
Event: 9.170 GC heap after
{Heap after GC invocations=27 (full 0):
 garbage-first heap   total 73728K, used 38963K [0x000000008a800000, 0x0000000100000000)
  region size 1024K, 3 young (3072K), 3 survivors (3072K)
 Metaspace       used 73400K, committed 74112K, reserved 1114112K
  class space    used 10020K, committed 10368K, reserved 1048576K
}
Event: 9.858 GC heap before
{Heap before GC invocations=28 (full 0):
 garbage-first heap   total 73728K, used 58419K [0x000000008a800000, 0x0000000100000000)
  region size 1024K, 22 young (22528K), 3 survivors (3072K)
 Metaspace       used 74042K, committed 74752K, reserved 1114112K
  class space    used 10021K, committed 10368K, reserved 1048576K
}
Event: 9.862 GC heap after
{Heap after GC invocations=29 (full 0):
 garbage-first heap   total 73728K, used 39400K [0x000000008a800000, 0x0000000100000000)
  region size 1024K, 1 young (1024K), 1 survivors (1024K)
 Metaspace       used 74042K, committed 74752K, reserved 1114112K
  class space    used 10021K, committed 10368K, reserved 1048576K
}
Event: 9.916 GC heap before
{Heap before GC invocations=29 (full 0):
 garbage-first heap   total 73728K, used 41448K [0x000000008a800000, 0x0000000100000000)
  region size 1024K, 3 young (3072K), 1 survivors (1024K)
 Metaspace       used 74113K, committed 74816K, reserved 1114112K
  class space    used 10021K, committed 10368K, reserved 1048576K
}
Event: 9.917 GC heap after
{Heap after GC invocations=30 (full 0):
 garbage-first heap   total 73728K, used 39347K [0x000000008a800000, 0x0000000100000000)
  region size 1024K, 1 young (1024K), 1 survivors (1024K)
 Metaspace       used 74113K, committed 74816K, reserved 1114112K
  class space    used 10021K, committed 10368K, reserved 1048576K
}
Event: 10.464 GC heap before
{Heap before GC invocations=30 (full 0):
 garbage-first heap   total 73728K, used 59827K [0x000000008a800000, 0x0000000100000000)
  region size 1024K, 21 young (21504K), 1 survivors (1024K)
 Metaspace       used 74315K, committed 75008K, reserved 1114112K
  class space    used 10021K, committed 10368K, reserved 1048576K
}
Event: 10.466 GC heap after
{Heap after GC invocations=31 (full 0):
 garbage-first heap   total 97280K, used 39301K [0x000000008a800000, 0x0000000100000000)
  region size 1024K, 1 young (1024K), 1 survivors (1024K)
 Metaspace       used 74315K, committed 75008K, reserved 1114112K
  class space    used 10021K, committed 10368K, reserved 1048576K
}
Event: 11.228 GC heap before
{Heap before GC invocations=32 (full 0):
 garbage-first heap   total 97280K, used 77189K [0x000000008a800000, 0x0000000100000000)
  region size 1024K, 39 young (39936K), 1 survivors (1024K)
 Metaspace       used 79130K, committed 79808K, reserved 1179648K
  class space    used 10783K, committed 11072K, reserved 1048576K
}
Event: 11.231 GC heap after
{Heap after GC invocations=33 (full 0):
 garbage-first heap   total 97280K, used 40461K [0x000000008a800000, 0x0000000100000000)
  region size 1024K, 2 young (2048K), 2 survivors (2048K)
 Metaspace       used 79130K, committed 79808K, reserved 1179648K
  class space    used 10783K, committed 11072K, reserved 1048576K
}
Event: 11.248 GC heap before
{Heap before GC invocations=33 (full 0):
 garbage-first heap   total 97280K, used 42509K [0x000000008a800000, 0x0000000100000000)
  region size 1024K, 4 young (4096K), 2 survivors (2048K)
 Metaspace       used 79145K, committed 79808K, reserved 1179648K
  class space    used 10783K, committed 11072K, reserved 1048576K
}
Event: 11.251 GC heap after
{Heap after GC invocations=34 (full 0):
 garbage-first heap   total 97280K, used 40060K [0x000000008a800000, 0x0000000100000000)
  region size 1024K, 1 young (1024K), 1 survivors (1024K)
 Metaspace       used 79145K, committed 79808K, reserved 1179648K
  class space    used 10783K, committed 11072K, reserved 1048576K
}
Event: 11.722 GC heap before
{Heap before GC invocations=34 (full 0):
 garbage-first heap   total 97280K, used 78972K [0x000000008a800000, 0x0000000100000000)
  region size 1024K, 40 young (40960K), 1 survivors (1024K)
 Metaspace       used 79773K, committed 80512K, reserved 1179648K
  class space    used 10807K, committed 11200K, reserved 1048576K
}
Event: 11.724 GC heap after
{Heap after GC invocations=35 (full 0):
 garbage-first heap   total 97280K, used 40080K [0x000000008a800000, 0x0000000100000000)
  region size 1024K, 1 young (1024K), 1 survivors (1024K)
 Metaspace       used 79773K, committed 80512K, reserved 1179648K
  class space    used 10807K, committed 11200K, reserved 1048576K
}
Event: 12.199 GC heap before
{Heap before GC invocations=35 (full 0):
 garbage-first heap   total 97280K, used 80016K [0x000000008a800000, 0x0000000100000000)
  region size 1024K, 41 young (41984K), 1 survivors (1024K)
 Metaspace       used 80434K, committed 81216K, reserved 1179648K
  class space    used 10814K, committed 11200K, reserved 1048576K
}
Event: 12.200 GC heap after
{Heap after GC invocations=36 (full 0):
 garbage-first heap   total 97280K, used 40060K [0x000000008a800000, 0x0000000100000000)
  region size 1024K, 1 young (1024K), 1 survivors (1024K)
 Metaspace       used 80434K, committed 81216K, reserved 1179648K
  class space    used 10814K, committed 11200K, reserved 1048576K
}
Event: 12.620 GC heap before
{Heap before GC invocations=36 (full 0):
 garbage-first heap   total 97280K, used 81020K [0x000000008a800000, 0x0000000100000000)
  region size 1024K, 42 young (43008K), 1 survivors (1024K)
 Metaspace       used 80865K, committed 81664K, reserved 1179648K
  class space    used 10814K, committed 11200K, reserved 1048576K
}
Event: 12.622 GC heap after
{Heap after GC invocations=37 (full 0):
 garbage-first heap   total 97280K, used 40067K [0x000000008a800000, 0x0000000100000000)
  region size 1024K, 1 young (1024K), 1 survivors (1024K)
 Metaspace       used 80865K, committed 81664K, reserved 1179648K
  class space    used 10814K, committed 11200K, reserved 1048576K
}
Event: 13.042 GC heap before
{Heap before GC invocations=37 (full 0):
 garbage-first heap   total 97280K, used 81027K [0x000000008a800000, 0x0000000100000000)
  region size 1024K, 42 young (43008K), 1 survivors (1024K)
 Metaspace       used 81415K, committed 82240K, reserved 1179648K
  class space    used 10814K, committed 11200K, reserved 1048576K
}
Event: 13.045 GC heap after
{Heap after GC invocations=38 (full 0):
 garbage-first heap   total 97280K, used 40161K [0x000000008a800000, 0x0000000100000000)
  region size 1024K, 1 young (1024K), 1 survivors (1024K)
 Metaspace       used 81415K, committed 82240K, reserved 1179648K
  class space    used 10814K, committed 11200K, reserved 1048576K
}

Deoptimization events (20 events):
Event: 12.871 Thread 0x00000214755900b0 DEOPT PACKING pc=0x0000021457dfdae2 sp=0x0000004f05cfa730
Event: 12.871 Thread 0x00000214755900b0 DEOPT UNPACKING pc=0x00000214567a2b43 sp=0x0000004f05cf9e50 mode 0
Event: 12.876 Thread 0x00000214755948e0 DEOPT PACKING pc=0x00000214576fa5e4 sp=0x0000004f05bf8a90
Event: 12.876 Thread 0x00000214755948e0 DEOPT UNPACKING pc=0x00000214567a2b43 sp=0x0000004f05bf8178 mode 0
Event: 12.957 Thread 0x0000021472418c10 DEOPT PACKING pc=0x0000021457dfdae2 sp=0x0000004f058fa100
Event: 12.957 Thread 0x0000021472418c10 DEOPT UNPACKING pc=0x00000214567a2b43 sp=0x0000004f058f9820 mode 0
Event: 12.960 Thread 0x0000021472418c10 DEOPT PACKING pc=0x00000214576fa5e4 sp=0x0000004f058f8340
Event: 12.960 Thread 0x0000021472418c10 DEOPT UNPACKING pc=0x00000214567a2b43 sp=0x0000004f058f7a28 mode 0
Event: 13.020 Thread 0x0000021472418c10 DEOPT PACKING pc=0x0000021457dfdae2 sp=0x0000004f058fbd60
Event: 13.020 Thread 0x0000021472418c10 DEOPT UNPACKING pc=0x00000214567a2b43 sp=0x0000004f058fb480 mode 0
Event: 13.029 Thread 0x00000214755948e0 DEOPT PACKING pc=0x00000214576fa5e4 sp=0x0000004f05bf8a90
Event: 13.029 Thread 0x00000214755948e0 DEOPT UNPACKING pc=0x00000214567a2b43 sp=0x0000004f05bf8178 mode 0
Event: 13.096 Thread 0x00000214724195b0 DEOPT PACKING pc=0x0000021457dfdae2 sp=0x0000004f05afa390
Event: 13.096 Thread 0x00000214724195b0 DEOPT UNPACKING pc=0x00000214567a2b43 sp=0x0000004f05af9ab0 mode 0
Event: 13.108 Thread 0x0000021472418270 DEOPT PACKING pc=0x00000214576fa5e4 sp=0x0000004f057f8bf0
Event: 13.108 Thread 0x0000021472418270 DEOPT UNPACKING pc=0x00000214567a2b43 sp=0x0000004f057f82d8 mode 0
Event: 13.152 Thread 0x0000021472417400 DEOPT PACKING pc=0x0000021457dfdae2 sp=0x0000004f059fc330
Event: 13.152 Thread 0x0000021472417400 DEOPT UNPACKING pc=0x00000214567a2b43 sp=0x0000004f059fba50 mode 0
Event: 13.171 Thread 0x00000214755900b0 DEOPT PACKING pc=0x00000214576fa5e4 sp=0x0000004f05cf88d0
Event: 13.171 Thread 0x00000214755900b0 DEOPT UNPACKING pc=0x00000214567a2b43 sp=0x0000004f05cf7fb8 mode 0

Classes loaded (20 events):
Event: 11.107 Loading class jdk/internal/reflect/ClassDefiner
Event: 11.107 Loading class jdk/internal/reflect/ClassDefiner done
Event: 11.107 Loading class jdk/internal/reflect/ClassDefiner$1
Event: 11.107 Loading class jdk/internal/reflect/ClassDefiner$1 done
Event: 11.107 Loading class jdk/internal/reflect/SerializationConstructorAccessorImpl
Event: 11.107 Loading class jdk/internal/reflect/SerializationConstructorAccessorImpl done
Event: 11.110 Loading class java/io/ClassCache$CacheRef
Event: 11.110 Loading class java/io/ClassCache$CacheRef done
Event: 11.110 Loading class java/io/ObjectStreamClass$FieldReflectorKey
Event: 11.111 Loading class java/io/ObjectStreamClass$FieldReflectorKey done
Event: 11.111 Loading class java/io/ObjectStreamClass$FieldReflector
Event: 11.111 Loading class java/io/ObjectStreamClass$FieldReflector done
Event: 11.111 Loading class java/io/ObjectStreamClass$ClassDataSlot
Event: 11.111 Loading class java/io/ObjectStreamClass$ClassDataSlot done
Event: 11.111 Loading class java/io/ObjectInputStream$FieldValues
Event: 11.112 Loading class java/io/ObjectInputStream$GetField
Event: 11.112 Loading class java/io/ObjectInputStream$GetField done
Event: 11.112 Loading class java/io/ObjectInputStream$FieldValues done
Event: 11.112 Loading class java/io/SerialCallbackContext
Event: 11.112 Loading class java/io/SerialCallbackContext done

Classes unloaded (0 events):
No events

Classes redefined (0 events):
No events

Internal exceptions (20 events):
Event: 10.925 Thread 0x000002147558f240 Exception <a 'java/lang/NoSuchMethodError'{0x000000008f3e38c0}: 'void java.lang.invoke.DirectMethodHandle$Holder.invokeSpecialIFC(java.lang.Object, java.lang.Object, int, java.lang.Object, java.lang.Object, java.lang.Object, java.lang.Object)'> (0x000000008f3e38c0) 
thrown [s\open\src\hotspot\share\interpreter\linkResolver.cpp, line 759]
Event: 10.925 Thread 0x00000214755900b0 Exception <a 'java/lang/NoSuchMethodError'{0x000000008f3e2b70}: 'void java.lang.invoke.DirectMethodHandle$Holder.invokeSpecialIFC(java.lang.Object, java.lang.Object, int, java.lang.Object, java.lang.Object, java.lang.Object, java.lang.Object)'> (0x000000008f3e2b70) 
thrown [s\open\src\hotspot\share\interpreter\linkResolver.cpp, line 759]
Event: 10.925 Thread 0x0000021472418c10 Exception <a 'java/lang/NoSuchMethodError'{0x000000008f3c8f18}: 'void java.lang.invoke.DirectMethodHandle$Holder.invokeSpecialIFC(java.lang.Object, java.lang.Object, int, java.lang.Object, java.lang.Object, java.lang.Object, java.lang.Object)'> (0x000000008f3c8f18) 
thrown [s\open\src\hotspot\share\interpreter\linkResolver.cpp, line 759]
Event: 10.961 Thread 0x00000214755900b0 Implicit null exception at 0x000002145e444f13 to 0x000002145e44505c
Event: 10.961 Thread 0x0000021472418c10 Implicit null exception at 0x000002145e444f13 to 0x000002145e44505c
Event: 10.961 Thread 0x000002147241adc0 Implicit null exception at 0x000002145e444f13 to 0x000002145e44505c
Event: 10.961 Thread 0x000002147241a8f0 Implicit null exception at 0x000002145e444f13 to 0x000002145e44505c
Event: 10.961 Thread 0x0000021472417400 Implicit null exception at 0x000002145e444f13 to 0x000002145e44505c
Event: 11.101 Thread 0x000002147241adc0 Exception <a 'java/lang/NoSuchMethodError'{0x000000008eb57338}: 'long java.lang.invoke.Invokers$Holder.invokeExact_MT(java.lang.Object, java.lang.Object)'> (0x000000008eb57338) 
thrown [s\open\src\hotspot\share\interpreter\linkResolver.cpp, line 759]
Event: 11.101 Thread 0x0000021472417400 Exception <a 'java/lang/NoSuchMethodError'{0x000000008eb4f658}: 'long java.lang.invoke.Invokers$Holder.invokeExact_MT(java.lang.Object, java.lang.Object)'> (0x000000008eb4f658) 
thrown [s\open\src\hotspot\share\interpreter\linkResolver.cpp, line 759]
Event: 11.101 Thread 0x00000214755900b0 Exception <a 'java/lang/NoSuchMethodError'{0x000000008eb32e40}: 'long java.lang.invoke.Invokers$Holder.invokeExact_MT(java.lang.Object, java.lang.Object)'> (0x000000008eb32e40) 
thrown [s\open\src\hotspot\share\interpreter\linkResolver.cpp, line 759]
Event: 11.101 Thread 0x0000021472418c10 Exception <a 'java/lang/NoSuchMethodError'{0x000000008eb18100}: 'long java.lang.invoke.Invokers$Holder.invokeExact_MT(java.lang.Object, java.lang.Object)'> (0x000000008eb18100) 
thrown [s\open\src\hotspot\share\interpreter\linkResolver.cpp, line 759]
Event: 11.101 Thread 0x000002147558f240 Exception <a 'java/lang/NoSuchMethodError'{0x000000008eb29f00}: 'long java.lang.invoke.Invokers$Holder.invokeExact_MT(java.lang.Object, java.lang.Object)'> (0x000000008eb29f00) 
thrown [s\open\src\hotspot\share\interpreter\linkResolver.cpp, line 759]
Event: 11.101 Thread 0x000002147241a8f0 Exception <a 'java/lang/NoSuchMethodError'{0x000000008ecfc7d0}: 'long java.lang.invoke.Invokers$Holder.invokeExact_MT(java.lang.Object, java.lang.Object)'> (0x000000008ecfc7d0) 
thrown [s\open\src\hotspot\share\interpreter\linkResolver.cpp, line 759]
Event: 11.117 Thread 0x000002147241adc0 Exception <a 'java/lang/IncompatibleClassChangeError'{0x000000008ea11240}: Found class java.lang.Object, but interface was expected> (0x000000008ea11240) 
thrown [s\open\src\hotspot\share\interpreter\linkResolver.cpp, line 826]
Event: 11.117 Thread 0x0000021472418c10 Exception <a 'java/lang/IncompatibleClassChangeError'{0x000000008ea19448}: Found class java.lang.Object, but interface was expected> (0x000000008ea19448) 
thrown [s\open\src\hotspot\share\interpreter\linkResolver.cpp, line 826]
Event: 11.117 Thread 0x000002147241a8f0 Exception <a 'java/lang/IncompatibleClassChangeError'{0x000000008ea1fe70}: Found class java.lang.Object, but interface was expected> (0x000000008ea1fe70) 
thrown [s\open\src\hotspot\share\interpreter\linkResolver.cpp, line 826]
Event: 11.117 Thread 0x0000021472417400 Exception <a 'java/lang/IncompatibleClassChangeError'{0x000000008ea29aa0}: Found class java.lang.Object, but interface was expected> (0x000000008ea29aa0) 
thrown [s\open\src\hotspot\share\interpreter\linkResolver.cpp, line 826]
Event: 11.117 Thread 0x00000214755900b0 Exception <a 'java/lang/IncompatibleClassChangeError'{0x000000008ebfe1f0}: Found class java.lang.Object, but interface was expected> (0x000000008ebfe1f0) 
thrown [s\open\src\hotspot\share\interpreter\linkResolver.cpp, line 826]
Event: 11.117 Thread 0x000002147558f240 Exception <a 'java/lang/IncompatibleClassChangeError'{0x000000008ea07f48}: Found class java.lang.Object, but interface was expected> (0x000000008ea07f48) 
thrown [s\open\src\hotspot\share\interpreter\linkResolver.cpp, line 826]

VM Operations (20 events):
Event: 11.000 Executing VM operation: HandshakeAllThreads
Event: 11.001 Executing VM operation: HandshakeAllThreads done
Event: 11.004 Executing VM operation: HandshakeAllThreads
Event: 11.004 Executing VM operation: HandshakeAllThreads done
Event: 11.228 Executing VM operation: G1CollectForAllocation
Event: 11.232 Executing VM operation: G1CollectForAllocation done
Event: 11.248 Executing VM operation: G1CollectForAllocation
Event: 11.251 Executing VM operation: G1CollectForAllocation done
Event: 11.646 Executing VM operation: ICBufferFull
Event: 11.647 Executing VM operation: ICBufferFull done
Event: 11.722 Executing VM operation: G1CollectForAllocation
Event: 11.724 Executing VM operation: G1CollectForAllocation done
Event: 12.086 Executing VM operation: ICBufferFull
Event: 12.086 Executing VM operation: ICBufferFull done
Event: 12.198 Executing VM operation: G1CollectForAllocation
Event: 12.200 Executing VM operation: G1CollectForAllocation done
Event: 12.620 Executing VM operation: G1CollectForAllocation
Event: 12.622 Executing VM operation: G1CollectForAllocation done
Event: 13.042 Executing VM operation: G1CollectForAllocation
Event: 13.045 Executing VM operation: G1CollectForAllocation done

Events (20 events):
Event: 10.755 Thread 0x000002146d683320 flushing nmethod 0x0000021457aec910
Event: 10.756 Thread 0x000002146d683320 flushing nmethod 0x0000021457aee090
Event: 10.756 Thread 0x000002146d683320 flushing nmethod 0x0000021457af7190
Event: 10.756 Thread 0x000002146d683320 flushing nmethod 0x0000021457af7c10
Event: 10.756 Thread 0x000002146d683320 flushing nmethod 0x0000021457b00f90
Event: 10.756 Thread 0x000002146d683320 flushing nmethod 0x0000021457b04710
Event: 10.756 Thread 0x000002146d683320 flushing nmethod 0x0000021457b08690
Event: 10.756 Thread 0x000002146d683320 flushing nmethod 0x0000021457b08a10
Event: 10.756 Thread 0x000002146d683320 flushing nmethod 0x0000021457b0af10
Event: 10.756 Thread 0x000002146d683320 flushing nmethod 0x0000021457b0b290
Event: 10.756 Thread 0x000002146d683320 flushing nmethod 0x0000021457b18490
Event: 10.757 Thread 0x000002146d683320 flushing nmethod 0x0000021457b32f10
Event: 10.757 Thread 0x000002146d683320 flushing nmethod 0x0000021457b4ba10
Event: 10.757 Thread 0x000002146d683320 flushing nmethod 0x0000021457b5d510
Event: 10.757 Thread 0x000002146d683320 flushing nmethod 0x0000021457b74210
Event: 10.757 Thread 0x000002146d683320 flushing nmethod 0x0000021457b92e90
Event: 10.758 Thread 0x000002146d683320 flushing nmethod 0x0000021457bc0f10
Event: 10.759 Thread 0x000002146d683320 flushing nmethod 0x0000021457c46e10
Event: 10.761 Thread 0x000002146d683320 flushing nmethod 0x0000021457dbfb10
Event: 10.963 Thread 0x0000021477545c80 Thread added: 0x0000021477545c80


Dynamic libraries:
0x00007ff7ef9b0000 - 0x00007ff7ef9c0000 	C:\Program Files\Java\jdk-18.0.2.1\bin\java.exe
0x00007ffb38110000 - 0x00007ffb38327000 	C:\WINDOWS\SYSTEM32\ntdll.dll
0x00007ffb37160000 - 0x00007ffb37224000 	C:\WINDOWS\System32\KERNEL32.DLL
0x00007ffb355c0000 - 0x00007ffb3596d000 	C:\WINDOWS\System32\KERNELBASE.dll
0x00007ffb35d20000 - 0x00007ffb35e31000 	C:\WINDOWS\System32\ucrtbase.dll
0x00007ffb23b40000 - 0x00007ffb23b58000 	C:\Program Files\Java\jdk-18.0.2.1\bin\jli.dll
0x00007ffb23b80000 - 0x00007ffb23b9a000 	C:\Program Files\Java\jdk-18.0.2.1\bin\VCRUNTIME140.dll
0x00007ffb37570000 - 0x00007ffb37622000 	C:\WINDOWS\System32\ADVAPI32.dll
0x00007ffb37230000 - 0x00007ffb372d7000 	C:\WINDOWS\System32\msvcrt.dll
0x00007ffb38020000 - 0x00007ffb380c9000 	C:\WINDOWS\System32\sechost.dll
0x00007ffb35cc0000 - 0x00007ffb35ce8000 	C:\WINDOWS\System32\bcrypt.dll
0x00007ffb372e0000 - 0x00007ffb373f4000 	C:\WINDOWS\System32\RPCRT4.dll
0x00007ffb37640000 - 0x00007ffb377ee000 	C:\WINDOWS\System32\USER32.dll
0x00007ffb35cf0000 - 0x00007ffb35d16000 	C:\WINDOWS\System32\win32u.dll
0x00007ffb236d0000 - 0x00007ffb23963000 	C:\WINDOWS\WinSxS\amd64_microsoft.windows.common-controls_6595b64144ccf1df_6.0.22621.3672_none_2713b9d173822955\COMCTL32.dll
0x00007ffb37480000 - 0x00007ffb374a9000 	C:\WINDOWS\System32\GDI32.dll
0x00007ffb354a0000 - 0x00007ffb355b9000 	C:\WINDOWS\System32\gdi32full.dll
0x00007ffb35970000 - 0x00007ffb35a0a000 	C:\WINDOWS\System32\msvcp_win.dll
0x00007ffb300b0000 - 0x00007ffb300ba000 	C:\WINDOWS\SYSTEM32\VERSION.dll
0x00007ffb37e50000 - 0x00007ffb37e81000 	C:\WINDOWS\System32\IMM32.DLL
0x00007ffb27cb0000 - 0x00007ffb27cbc000 	C:\Program Files\Java\jdk-18.0.2.1\bin\vcruntime140_1.dll
0x00007ffb018c0000 - 0x00007ffb0194d000 	C:\Program Files\Java\jdk-18.0.2.1\bin\msvcp140.dll
0x00007ffaafee0000 - 0x00007ffab0af1000 	C:\Program Files\Java\jdk-18.0.2.1\bin\server\jvm.dll
0x00007ffb37920000 - 0x00007ffb37928000 	C:\WINDOWS\System32\PSAPI.DLL
0x00007ffb2f800000 - 0x00007ffb2f834000 	C:\WINDOWS\SYSTEM32\WINMM.dll
0x00007ffb32340000 - 0x00007ffb32349000 	C:\WINDOWS\SYSTEM32\WSOCK32.dll
0x00007ffb37ec0000 - 0x00007ffb37f31000 	C:\WINDOWS\System32\WS2_32.dll
0x00007ffb34430000 - 0x00007ffb34448000 	C:\WINDOWS\SYSTEM32\kernel.appcore.dll
0x00007ffb247b0000 - 0x00007ffb247ba000 	C:\Program Files\Java\jdk-18.0.2.1\bin\jimage.dll
0x00007ffb32de0000 - 0x00007ffb33012000 	C:\WINDOWS\SYSTEM32\DBGHELP.DLL
0x00007ffb36b30000 - 0x00007ffb36ebd000 	C:\WINDOWS\System32\combase.dll
0x00007ffb37f40000 - 0x00007ffb38017000 	C:\WINDOWS\System32\OLEAUT32.dll
0x00007ffb12ef0000 - 0x00007ffb12f22000 	C:\WINDOWS\SYSTEM32\dbgcore.DLL
0x00007ffb35ad0000 - 0x00007ffb35b4b000 	C:\WINDOWS\System32\bcryptPrimitives.dll
0x00007ffb30660000 - 0x00007ffb3066e000 	C:\Program Files\Java\jdk-18.0.2.1\bin\instrument.dll
0x00007ffb223e0000 - 0x00007ffb22405000 	C:\Program Files\Java\jdk-18.0.2.1\bin\java.dll
0x00007ffad57f0000 - 0x00007ffad58c6000 	C:\Program Files\Java\jdk-18.0.2.1\bin\jsvml.dll
0x00007ffb362c0000 - 0x00007ffb36b28000 	C:\WINDOWS\System32\SHELL32.dll
0x00007ffb33330000 - 0x00007ffb33c2e000 	C:\WINDOWS\SYSTEM32\windows.storage.dll
0x00007ffb331f0000 - 0x00007ffb3332f000 	C:\WINDOWS\SYSTEM32\wintypes.dll
0x00007ffb37b90000 - 0x00007ffb37c89000 	C:\WINDOWS\System32\SHCORE.dll
0x00007ffb37510000 - 0x00007ffb3756e000 	C:\WINDOWS\System32\shlwapi.dll
0x00007ffb35360000 - 0x00007ffb35381000 	C:\WINDOWS\SYSTEM32\profapi.dll
0x00007ffb21170000 - 0x00007ffb21188000 	C:\Program Files\Java\jdk-18.0.2.1\bin\zip.dll
0x00007ffb22700000 - 0x00007ffb22713000 	C:\Program Files\Java\jdk-18.0.2.1\bin\net.dll
0x00007ffb304b0000 - 0x00007ffb305e6000 	C:\WINDOWS\SYSTEM32\WINHTTP.dll
0x00007ffb348b0000 - 0x00007ffb34919000 	C:\WINDOWS\system32\mswsock.dll
0x00007ffb22100000 - 0x00007ffb22116000 	C:\Program Files\Java\jdk-18.0.2.1\bin\nio.dll
0x00007ffb2edf0000 - 0x00007ffb2ee0a000 	C:\Program Files\JetBrains\IntelliJ IDEA Community Edition 2023.2.2\bin\breakgen64.dll
0x00007ffb30650000 - 0x00007ffb30659000 	C:\Program Files\Java\jdk-18.0.2.1\bin\management.dll
0x00007ffb30640000 - 0x00007ffb3064b000 	C:\Program Files\Java\jdk-18.0.2.1\bin\management_ext.dll
0x00007ffb30630000 - 0x00007ffb3063e000 	C:\Program Files\Java\jdk-18.0.2.1\bin\sunmscapi.dll
0x00007ffb35b50000 - 0x00007ffb35cb7000 	C:\WINDOWS\System32\CRYPT32.dll
0x00007ffb34cd0000 - 0x00007ffb34cfe000 	C:\WINDOWS\SYSTEM32\ncrypt.dll
0x00007ffb34c90000 - 0x00007ffb34cc7000 	C:\WINDOWS\SYSTEM32\NTASN1.dll
0x00007ffb34b30000 - 0x00007ffb34b4b000 	C:\WINDOWS\SYSTEM32\CRYPTSP.dll
0x00007ffb34390000 - 0x00007ffb343c5000 	C:\WINDOWS\system32\rsaenh.dll
0x00007ffb349d0000 - 0x00007ffb349f8000 	C:\WINDOWS\SYSTEM32\USERENV.dll
0x00007ffb34b50000 - 0x00007ffb34b5c000 	C:\WINDOWS\SYSTEM32\CRYPTBASE.dll
0x00007ffb33e90000 - 0x00007ffb33ebd000 	C:\WINDOWS\SYSTEM32\IPHLPAPI.DLL
0x00007ffb37630000 - 0x00007ffb37639000 	C:\WINDOWS\System32\NSI.dll
0x00007ffb30c10000 - 0x00007ffb30c29000 	C:\WINDOWS\SYSTEM32\dhcpcsvc6.DLL
0x00007ffb30b50000 - 0x00007ffb30b6f000 	C:\WINDOWS\SYSTEM32\dhcpcsvc.DLL
0x00007ffb33f00000 - 0x00007ffb33ff8000 	C:\WINDOWS\SYSTEM32\DNSAPI.dll
0x00007ffb23aa0000 - 0x00007ffb23ab0000 	C:\Program Files\Java\jdk-18.0.2.1\bin\verify.dll
0x00007ffb30b70000 - 0x00007ffb30b7a000 	C:\Windows\System32\rasadhlp.dll
0x00007ffb2f390000 - 0x00007ffb2f413000 	C:\WINDOWS\System32\fwpuclnt.dll

dbghelp: loaded successfully - version: 4.0.5 - missing functions: none
symbol engine: initialized successfully - sym options: 0x614 - pdb path: .;C:\Program Files\Java\jdk-18.0.2.1\bin;C:\WINDOWS\SYSTEM32;C:\WINDOWS\WinSxS\amd64_microsoft.windows.common-controls_6595b64144ccf1df_6.0.22621.3672_none_2713b9d173822955;C:\Program Files\Java\jdk-18.0.2.1\bin\server;C:\Program Files\JetBrains\IntelliJ IDEA Community Edition 2023.2.2\bin

VM Arguments:
jvm_args: -javaagent:C:\Program Files\JetBrains\IntelliJ IDEA Community Edition 2023.2.2\lib\idea_rt.jar=65164:C:\Program Files\JetBrains\IntelliJ IDEA Community Edition 2023.2.2\bin -Dfile.encoding=UTF-8 -Dsun.stdout.encoding=UTF-8 -Dsun.stderr.encoding=UTF-8 
java_command: com.example.foodApp.FoodAppApplication
java_class_path (initial): D:\spring\foodApp\foodApp\target\classes;C:\Users\ACER\.m2\repository\org\springframework\boot\spring-boot-starter-data-jpa\3.3.0\spring-boot-starter-data-jpa-3.3.0.jar;C:\Users\ACER\.m2\repository\org\springframework\boot\spring-boot-starter-aop\3.3.0\spring-boot-starter-aop-3.3.0.jar;C:\Users\ACER\.m2\repository\org\aspectj\aspectjweaver\1.9.22\aspectjweaver-1.9.22.jar;C:\Users\ACER\.m2\repository\org\springframework\boot\spring-boot-starter-jdbc\3.3.0\spring-boot-starter-jdbc-3.3.0.jar;C:\Users\ACER\.m2\repository\com\zaxxer\HikariCP\5.1.0\HikariCP-5.1.0.jar;C:\Users\ACER\.m2\repository\org\springframework\spring-jdbc\6.1.8\spring-jdbc-6.1.8.jar;C:\Users\ACER\.m2\repository\org\hibernate\orm\hibernate-core\6.5.2.Final\hibernate-core-6.5.2.Final.jar;C:\Users\ACER\.m2\repository\jakarta\persistence\jakarta.persistence-api\3.1.0\jakarta.persistence-api-3.1.0.jar;C:\Users\ACER\.m2\repository\jakarta\transaction\jakarta.transaction-api\2.0.1\jakarta.transaction-api-2.0.1.jar;C:\Users\ACER\.m2\repository\org\jboss\logging\jboss-logging\3.5.3.Final\jboss-logging-3.5.3.Final.jar;C:\Users\ACER\.m2\repository\org\hibernate\common\hibernate-commons-annotations\6.0.6.Final\hibernate-commons-annotations-6.0.6.Final.jar;C:\Users\ACER\.m2\repository\io\smallrye\jandex\3.1.2\jandex-3.1.2.jar;C:\Users\ACER\.m2\repository\com\fasterxml\classmate\1.7.0\classmate-1.7.0.jar;C:\Users\ACER\.m2\repository\net\bytebuddy\byte-buddy\1.14.16\byte-buddy-1.14.16.jar;C:\Users\ACER\.m2\repository\org\glassfish\jaxb\jaxb-runtime\4.0.5\jaxb-runtime-4.0.5.jar;C:\Users\ACER\.m2\repository\org\glassfish\jaxb\jaxb-core\4.0.5\jaxb-core-4.0.5.jar;C:\Users\ACER\.m2\repository\org\eclipse\angus\angus-activation\2.0.2\angus-activation-2.0.2.jar;C:\Users\ACER\.m2\repository\org\glassfish\jaxb\txw2\4.0.5\txw2-4.0.5.jar;C:\Users\ACER\.m2\repository\com\sun\istack\istack-commons-runtime\4.1.2\istack-commons-runtime-4.1.2.jar;C:\Users\ACER\.m2\repository\jakarta\inject\jakarta.inject-api\2.0.1\jakarta.inject-api-2.0.1.jar;C:\Users\ACER\.m2\repository\org\antlr\antlr4-runtime\4.13.0\antlr4-runtime-4.13.0.jar;C:\Users\ACER\.m2\repository\org\springframework\data\spring-data-jpa\3.3.0\spring-data-jpa-3.3.0.jar;C:\Users\ACER\.m2\repository\org\springframework\data\spring-data-commons\3.3.0\spring-data-commons-3.3.0.jar;C:\Users\ACER\.m2\repository\org\springframework\spring-orm\6.1.8\spring-orm-6.1.8.jar;C:\Users\ACER\.m2\repository\org\springframework\spring-context\6.1.8\spring-context-6.1.8.jar;C:\Users\ACER\.m2\repository\org\springframework\spring-tx\6.1.8\spring-tx-6.1.8.jar;C:\Users\ACER\.m2\repository\org\springframework\spring-beans\6.1.8\spring-beans-6.1.8.jar;C:\Users\ACER\.m2\repository\jakarta\annotation\jakarta.annotation-api\2.1.1\jakarta.annotation-api-2.1.1.jar;C:\Users\ACER\.m2\repository\org\springframework\spring-aspects\6.1.8\spring-aspects-6.1.8.jar;C:\Users\ACER\.m2\repository\org\springframework\boot\spring-boot-starter-security\3.3.0\spring-boot-starter-security-3.3.0.jar;C:\Users\ACER\.m2\repository\org\springframework\boot\spring-boot-starter\3.3.0\spring-boot-starter-3.3.0.jar;C:\Users\ACER\.m2\repository\org\yaml\snakeyaml\2.2\snakeyaml-2.2.jar;C:\Users\ACER\.m2\repository\org\springframework\spring-aop\6.1.8\spring-aop-6.1.8.jar;C:\Users\ACER\.m2\repository\org\springframework\security\spring-security-config\6.3.0\spring-security-config-6.3.0.jar;C:\Users\ACER\.m2\repository\org\springframework\security\spring-security-web\6.3.0\spring-security-web-6.3.0.jar;C:\Users\ACER\.m2\repository\org\springframework\spring-expression\6.1.8\spring-expression-6.1.8.jar;C:\Users\ACER\.m2\repository\org\springframework\boot\spring-boot-starter-web\3.3.0\spring-boot-starter-web-3.3.0.jar;C:\Users\ACER\.m2\repository\org\springframework\boot\spring-boot-starter-json\3.3.0\spring-boot-starter-json-3.3.0.jar;C:\Users\ACER\.m2\repository\com\fasterxml\jackson\datatype\jackson-datatype-jdk8\2.17.1\jackson-datatype-jdk8-2.17.1.jar;C:\Users\ACER\.m2\repository\com\fasterxml\jackson\datatype\jackson-datatype-jsr310\2.17.1\jackson-datatype-jsr310-2.17.1.jar;C:\Users\ACER\.m2\repository\com\fasterxml\jackson\module\jackson-module-parameter-names\2.17.1\jackson-module-parameter-names-2.17.1.jar;C:\Users\ACER\.m2\repository\org\springframework\boot\spring-boot-starter-tomcat\3.3.0\spring-boot-starter-tomcat-3.3.0.jar;C:\Users\ACER\.m2\repository\org\apache\tomcat\embed\tomcat-embed-core\10.1.24\tomcat-embed-core-10.1.24.jar;C:\Users\ACER\.m2\repository\org\apache\tomcat\embed\tomcat-embed-el\10.1.24\tomcat-embed-el-10.1.24.jar;C:\Users\ACER\.m2\repository\org\apache\tomcat\embed\tomcat-embed-websocket\10.1.24\tomcat-embed-websocket-10.1.24.jar;C:\Users\ACER\.m2\repository\org\springframework\spring-web\6.1.8\spring-web-6.1.8.jar;C:\Users\ACER\.m2\repository\io\micrometer\micrometer-observation\1.13.0\micrometer-observation-1.13.0.jar;C:\Users\ACER\.m2\repository\io\micrometer\micrometer-commons\1.13.0\micrometer-commons-1.13.0.jar;C:\Users\ACER\.m2\repository\org\springframework\spring-webmvc\6.1.8\spring-webmvc-6.1.8.jar;C:\Users\ACER\.m2\repository\com\mysql\mysql-connector-j\8.3.0\mysql-connector-j-8.3.0.jar;C:\Users\ACER\.m2\repository\org\projectlombok\lombok\1.18.32\lombok-1.18.32.jar;C:\Users\ACER\.m2\repository\jakarta\xml\bind\jakarta.xml.bind-api\4.0.2\jakarta.xml.bind-api-4.0.2.jar;C:\Users\ACER\.m2\repository\jakarta\activation\jakarta.activation-api\2.1.3\jakarta.activation-api-2.1.3.jar;C:\Users\ACER\.m2\repository\org\springframework\spring-core\6.1.8\spring-core-6.1.8.jar;C:\Users\ACER\.m2\repository\org\springframework\spring-jcl\6.1.8\spring-jcl-6.1.8.jar;C:\Users\ACER\.m2\repository\org\springframework\security\spring-security-core\6.3.0\spring-security-core-6.3.0.jar;C:\Users\ACER\.m2\repository\org\springframework\security\spring-security-crypto\6.3.0\spring-security-crypto-6.3.0.jar;C:\Users\ACER\.m2\repository\io\jsonwebtoken\jjwt-impl\0.11.5\jjwt-impl-0.11.5.jar;C:\Users\ACER\.m2\repository\io\jsonwebtoken\jjwt-api\0.11.5\jjwt-api-0.11.5.jar;C:\Users\ACER\.m2\repository\org\springframework\boot\spring-boot-devtools\3.3.0\spring-boot-devtools-3.3.0.jar;C:\Users\ACER\.m2\repository\org\springframework\boot\spring-boot\3.3.0\spring-boot-3.3.0.jar;C:\Users\ACER\.m2\repository\org\springframework\boot\spring-boot-autoconfigure\3.3.0\spring-boot-autoconfigure-3.3.0.jar;C:\Users\ACER\.m2\repository\io\jsonwebtoken\jjwt-jackson\0.11.5\jjwt-jackson-0.11.5.jar;C:\Users\ACER\.m2\repository\com\fasterxml\jackson\core\jackson-databind\2.17.1\jackson-databind-2.17.1.jar;C:\Users\ACER\.m2\repository\com\fasterxml\jackson\core\jackson-annotations\2.17.1\jackson-annotations-2.17.1.jar;C:\Users\ACER\.m2\repository\com\fasterxml\jackson\core\jackson-core\2.17.1\jackson-core-2.17.1.jar;C:\Users\ACER\.m2\repository\org\springframework\boot\spring-boot-starter-logging\3.3.0\spring-boot-starter-logging-3.3.0.jar;C:\Users\ACER\.m2\repository\org\apache\logging\log4j\log4j-to-slf4j\2.23.1\log4j-to-slf4j-2.23.1.jar;C:\Users\ACER\.m2\repository\org\apache\logging\log4j\log4j-api\2.23.1\log4j-api-2.23.1.jar;C:\Users\ACER\.m2\repository\org\slf4j\jul-to-slf4j\2.0.13\jul-to-slf4j-2.0.13.jar;C:\Users\ACER\.m2\repository\ch\qos\logback\logback-classic\1.5.6\logback-classic-1.5.6.jar;C:\Users\ACER\.m2\repository\ch\qos\logback\logback-core\1.5.6\logback-core-1.5.6.jar;C:\Users\ACER\.m2\repository\org\slf4j\slf4j-api\2.0.13\slf4j-api-2.0.13.jar
Launcher Type: SUN_STANDARD

[Global flags]
     intx CICompilerCount                          = 4                                         {product} {ergonomic}
     uint ConcGCThreads                            = 3                                         {product} {ergonomic}
     uint G1ConcRefinementThreads                  = 10                                        {product} {ergonomic}
   size_t G1HeapRegionSize                         = 1048576                                   {product} {ergonomic}
    uintx GCDrainStackTargetSize                   = 64                                        {product} {ergonomic}
   size_t InitialHeapSize                          = 123731968                                 {product} {ergonomic}
   size_t MarkStackSize                            = 4194304                                   {product} {ergonomic}
   size_t MaxHeapSize                              = 1971322880                                {product} {ergonomic}
   size_t MaxNewSize                               = 1182793728                                {product} {ergonomic}
   size_t MinHeapDeltaBytes                        = 1048576                                   {product} {ergonomic}
   size_t MinHeapSize                              = 8388608                                   {product} {ergonomic}
    uintx NonNMethodCodeHeapSize                   = 5839372                                {pd product} {ergonomic}
    uintx NonProfiledCodeHeapSize                  = 122909434                              {pd product} {ergonomic}
    uintx ProfiledCodeHeapSize                     = 122909434                              {pd product} {ergonomic}
    uintx ReservedCodeCacheSize                    = 251658240                              {pd product} {ergonomic}
     bool SegmentedCodeCache                       = true                                      {product} {ergonomic}
   size_t SoftMaxHeapSize                          = 1971322880                             {manageable} {ergonomic}
     bool UseCompressedClassPointers               = true                           {product lp64_product} {ergonomic}
     bool UseCompressedOops                        = true                           {product lp64_product} {ergonomic}
     bool UseG1GC                                  = true                                      {product} {ergonomic}
     bool UseLargePagesIndividualAllocation        = false                                  {pd product} {ergonomic}

Logging:
Log output configuration:
 #0: stdout all=warning uptime,level,tags foldmultilines=false
 #1: stderr all=off uptime,level,tags foldmultilines=false

Environment Variables:
PATH=C:\Program Files (x86)\VMware\VMware Workstation\bin\;C:\Program Files\Common Files\Oracle\Java\javapath;C:\Windows\system32;C:\Windows;C:\Windows\System32\Wbem;C:\Windows\System32\WindowsPowerShell\v1.0\;C:\Windows\System32\OpenSSH\;C:\Program Files\NVIDIA Corporation\NVIDIA NvDLISR;C:\WINDOWS\system32;C:\WINDOWS;C:\WINDOWS\System32\Wbem;C:\WINDOWS\System32\WindowsPowerShell\v1.0\;C:\WINDOWS\System32\OpenSSH\;C:\Program Files\Microsoft SQL Server\Client SDK\ODBC\170\Tools\Binn\;C:\Program Files\Azure Data Studio\bin;C:\Program Files (x86)\Microsoft SQL Server\160\Tools\Binn\;C:\Program Files\Microsoft SQL Server\160\Tools\Binn\;C:\Program Files\Microsoft SQL Server\160\DTS\Binn\;C:\Program Files\nodejs\;C:\Program Files (x86)\Microsoft SQL Server\160\DTS\Binn\;C:\Program Files\Microsoft SQL Server\150\Tools\Binn\;C:\Program Files\dotnet\;C:\Program Files (x86)\Bitvise SSH Client;C:\Program Files\Git\cmd;C:\Program Files\Docker\Docker\resources\bin;C:\Users\ACER\AppData\Local\Programs\Python\Python312\Scripts\;C:\Users\ACER\AppData\Local\Programs\Python\Python312\;C:\Users\ACER\AppData\Local\Microsoft\WindowsApps;;C:\Users\ACER\AppData\Local\Programs\Microsoft VS Code\bin;C:\Program Files\Azure Data Studio\bin;C:\Users\ACER\AppData\Roaming\npm;C:\Users\ACER\.dotnet\tools;C:\Program Files\JetBrains\IntelliJ IDEA Community Edition 2023.2.2\bin;
USERNAME=ACER
OS=Windows_NT
PROCESSOR_IDENTIFIER=AMD64 Family 23 Model 104 Stepping 1, AuthenticAMD



---------------  S Y S T E M  ---------------

OS:
 Windows 11 , 64 bit Build 22621 (10.0.22621.3958)
OS uptime: 1 days 3:00 hours
Hyper-V role detected

CPU: total 12 (initial active 12) (12 cores per cpu, 2 threads per core) family 23 model 104 stepping 1 microcode 0x0, cx8, cmov, fxsr, ht, mmx, 3dnowpref, sse, sse2, sse3, ssse3, sse4a, sse4.1, sse4.2, popcnt, lzcnt, tsc, tscinvbit, avx, avx2, aes, clmul, bmi1, bmi2, adx, sha, fma, vzeroupper, clflush, clflushopt, hv

Memory: 4k page, system-wide physical 7514M (562M free)
TotalPageFile size 31066M (AvailPageFile size 5M)
current process WorkingSet (physical memory assigned to process): 345M, peak: 347M
current process commit charge ("private bytes"): 388M, peak: 391M

vm_info: Java HotSpot(TM) 64-Bit Server VM (18.0.2.1+1-1) for windows-amd64 JRE (18.0.2.1+1-1), built on Aug 16 2022 01:46:33 by "mach5one" with MS VC++ 16.8 / 16.9 (VS2019)

END.
