#
# There is insufficient memory for the Java Runtime Environment to continue.
# Native memory allocation (malloc) failed to allocate 1336560 bytes for Chunk::new
# Possible reasons:
#   The system is out of physical RAM or swap space
#   The process is running with CompressedOops enabled, and the Java Heap may be blocking the growth of the native heap
# Possible solutions:
#   Reduce memory load on the system
#   Increase physical memory or swap space
#   Check if swap backing store is full
#   Decrease Java heap size (-Xmx/-Xms)
#   Decrease number of Java threads
#   Decrease Java thread stack sizes (-Xss)
#   Set larger code cache with -XX:ReservedCodeCacheSize=
#   JVM is running with Unscaled Compressed Oops mode in which the Java heap is
#     placed in the first 4GB address space. The Java Heap base address is the
#     maximum limit for the native heap growth. Please use -XX:HeapBaseMinAddress
#     to set the Java Heap base and to place the Java Heap above 4GB virtual address.
# This output file may be truncated or incomplete.
#
#  Out of Memory Error (arena.cpp:184), pid=16568, tid=3192
#
# JRE version: Java(TM) SE Runtime Environment (18.0.2.1+1) (build 18.0.2.1+1-1)
# Java VM: Java HotSpot(TM) 64-Bit Server VM (18.0.2.1+1-1, mixed mode, sharing, tiered, compressed oops, compressed class ptrs, g1 gc, windows-amd64)
# No core dump will be written. Minidumps are not enabled by default on client versions of Windows
#

---------------  S U M M A R Y ------------

Command Line: -javaagent:C:\Program Files\JetBrains\IntelliJ IDEA Community Edition 2023.2.2\lib\idea_rt.jar=65335:C:\Program Files\JetBrains\IntelliJ IDEA Community Edition 2023.2.2\bin -Dfile.encoding=UTF-8 -Dsun.stdout.encoding=UTF-8 -Dsun.stderr.encoding=UTF-8 com.example.foodApp.FoodAppApplication

Host: AMD Ryzen 5 5500U with Radeon Graphics         , 12 cores, 7G,  Windows 11 , 64 bit Build 22621 (10.0.22621.3958)
Time: Wed Aug 28 21:49:34 2024 SE Asia Standard Time elapsed time: 9.584313 seconds (0d 0h 0m 9s)

---------------  T H R E A D  ---------------

Current thread (0x0000026f6716f480):  JavaThread "C2 CompilerThread0" daemon [_thread_in_native, id=3192, stack(0x000000f0d0a00000,0x000000f0d0b00000)]


Current CompileTask:
C2:   9584 9135       4       java.util.ServiceLoader$LazyClassPathLookupIterator::parseLine (253 bytes)

Stack: [0x000000f0d0a00000,0x000000f0d0b00000]
Native frames: (J=compiled Java code, j=interpreted, Vv=VM code, C=native code)
V  [jvm.dll+0x6993aa]
V  [jvm.dll+0x7f46dd]
V  [jvm.dll+0x7f5fee]
V  [jvm.dll+0x7f66a3]
V  [jvm.dll+0x25cf1f]
V  [jvm.dll+0xb8c2f]
V  [jvm.dll+0xb8fa5]
V  [jvm.dll+0x3860cb]
V  [jvm.dll+0x34fe71]
V  [jvm.dll+0x34f30a]
V  [jvm.dll+0x230101]
V  [jvm.dll+0x22f4d1]
V  [jvm.dll+0x1ba01c]
V  [jvm.dll+0x23ee0a]
V  [jvm.dll+0x23d0f5]
V  [jvm.dll+0x7a6dd1]
V  [jvm.dll+0x7a120a]
V  [jvm.dll+0x698255]
C  [ucrtbase.dll+0x29333]
C  [KERNEL32.DLL+0x1257d]
C  [ntdll.dll+0x5af28]


---------------  P R O C E S S  ---------------

Threads class SMR info:
_java_thread_list=0x0000026f6f0ac860, length=34, elements={
0x0000026f67153470, 0x0000026f67153fe0, 0x0000026f6716ce90, 0x0000026f6716d740,
0x0000026f6716dff0, 0x0000026f6716e8a0, 0x0000026f6716f480, 0x0000026f6716fd70,
0x0000026f67172670, 0x0000026f6713e1b0, 0x0000026f6b709b50, 0x0000026f6b70a010,
0x0000026f6c2513f0, 0x0000026f6c2518c0, 0x0000026f6d9bbd40, 0x0000026f6d9c0a40,
0x0000026f6d9bda20, 0x0000026f6d9bfbd0, 0x0000026f6d9bdef0, 0x0000026f6d9bc6e0,
0x0000026f6d9ba060, 0x0000026f6d9bb870, 0x0000026f6d9bc210, 0x0000026f6d9be3c0,
0x0000026f6d9baa00, 0x0000026f6d9be890, 0x0000026f6d9bb3a0, 0x0000026f6d9c00a0,
0x0000026f6b694920, 0x0000026f6d9bd550, 0x0000026f6d9c18b0, 0x0000026f6d9c0570,
0x0000026f6d9ba530, 0x0000026f6d9c0f10
}

Java Threads: ( => current thread )
  0x0000026f67153470 JavaThread "Reference Handler" daemon [_thread_blocked, id=11108, stack(0x000000f0d0400000,0x000000f0d0500000)]
  0x0000026f67153fe0 JavaThread "Finalizer" daemon [_thread_blocked, id=19212, stack(0x000000f0d0500000,0x000000f0d0600000)]
  0x0000026f6716ce90 JavaThread "Signal Dispatcher" daemon [_thread_blocked, id=4160, stack(0x000000f0d0600000,0x000000f0d0700000)]
  0x0000026f6716d740 JavaThread "Attach Listener" daemon [_thread_blocked, id=16740, stack(0x000000f0d0700000,0x000000f0d0800000)]
  0x0000026f6716dff0 JavaThread "Service Thread" daemon [_thread_blocked, id=15024, stack(0x000000f0d0800000,0x000000f0d0900000)]
  0x0000026f6716e8a0 JavaThread "Monitor Deflation Thread" daemon [_thread_blocked, id=18732, stack(0x000000f0d0900000,0x000000f0d0a00000)]
=>0x0000026f6716f480 JavaThread "C2 CompilerThread0" daemon [_thread_in_native, id=3192, stack(0x000000f0d0a00000,0x000000f0d0b00000)]
  0x0000026f6716fd70 JavaThread "C1 CompilerThread0" daemon [_thread_in_vm, id=19396, stack(0x000000f0d0b00000,0x000000f0d0c00000)]
  0x0000026f67172670 JavaThread "Sweeper thread" daemon [_thread_blocked, id=3356, stack(0x000000f0d0c00000,0x000000f0d0d00000)]
  0x0000026f6713e1b0 JavaThread "Common-Cleaner" daemon [_thread_blocked, id=14188, stack(0x000000f0d0d00000,0x000000f0d0e00000)]
  0x0000026f6b709b50 JavaThread "Monitor Ctrl-Break" daemon [_thread_in_native, id=1856, stack(0x000000f0d0f00000,0x000000f0d1000000)]
  0x0000026f6b70a010 JavaThread "Notification Thread" daemon [_thread_blocked, id=19348, stack(0x000000f0d1000000,0x000000f0d1100000)]
  0x0000026f6c2513f0 JavaThread "Catalina-utility-1" [_thread_blocked, id=12436, stack(0x000000f0d1f00000,0x000000f0d2000000)]
  0x0000026f6c2518c0 JavaThread "Catalina-utility-2" [_thread_blocked, id=15548, stack(0x000000f0d2000000,0x000000f0d2100000)]
  0x0000026f6d9bbd40 JavaThread "http-nio-8088-exec-1" daemon [_thread_blocked, id=4972, stack(0x000000f0d2100000,0x000000f0d2200000)]
  0x0000026f6d9c0a40 JavaThread "http-nio-8088-exec-2" daemon [_thread_in_Java, id=15448, stack(0x000000f0d2200000,0x000000f0d2300000)]
  0x0000026f6d9bda20 JavaThread "http-nio-8088-exec-3" daemon [_thread_blocked, id=6400, stack(0x000000f0d2300000,0x000000f0d2400000)]
  0x0000026f6d9bfbd0 JavaThread "http-nio-8088-exec-4" daemon [_thread_in_Java, id=14196, stack(0x000000f0d2400000,0x000000f0d2500000)]
  0x0000026f6d9bdef0 JavaThread "http-nio-8088-exec-5" daemon [_thread_blocked, id=19540, stack(0x000000f0d2500000,0x000000f0d2600000)]
  0x0000026f6d9bc6e0 JavaThread "http-nio-8088-exec-6" daemon [_thread_in_Java, id=15028, stack(0x000000f0d2600000,0x000000f0d2700000)]
  0x0000026f6d9ba060 JavaThread "http-nio-8088-exec-7" daemon [_thread_blocked, id=3624, stack(0x000000f0d2700000,0x000000f0d2800000)]
  0x0000026f6d9bb870 JavaThread "http-nio-8088-exec-8" daemon [_thread_in_vm, id=16624, stack(0x000000f0d2800000,0x000000f0d2900000)]
  0x0000026f6d9bc210 JavaThread "http-nio-8088-exec-9" daemon [_thread_in_Java, id=10884, stack(0x000000f0d2900000,0x000000f0d2a00000)]
  0x0000026f6d9be3c0 JavaThread "http-nio-8088-exec-10" daemon [_thread_in_Java, id=16980, stack(0x000000f0d2a00000,0x000000f0d2b00000)]
  0x0000026f6d9baa00 JavaThread "container-0" [_thread_blocked, id=15156, stack(0x000000f0d2b00000,0x000000f0d2c00000)]
  0x0000026f6d9be890 JavaThread "mysql-cj-abandoned-connection-cleanup" daemon [_thread_blocked, id=4452, stack(0x000000f0d2c00000,0x000000f0d2d00000)]
  0x0000026f6d9bb3a0 JavaThread "HikariPool-1 housekeeper" daemon [_thread_blocked, id=844, stack(0x000000f0d2f00000,0x000000f0d3000000)]
  0x0000026f6d9c00a0 JavaThread "HikariPool-1 connection adder" daemon [_thread_blocked, id=17412, stack(0x000000f0d3000000,0x000000f0d3100000)]
  0x0000026f6b694920 JavaThread "C2 CompilerThread1" daemon [_thread_in_native, id=2428, stack(0x000000f0d0e00000,0x000000f0d0f00000)]
  0x0000026f6d9bd550 JavaThread "File Watcher" daemon [_thread_blocked, id=4592, stack(0x000000f0d2d00000,0x000000f0d2e00000)]
  0x0000026f6d9c18b0 JavaThread "Live Reload Server" daemon [_thread_in_native, id=13536, stack(0x000000f0d3100000,0x000000f0d3200000)]
  0x0000026f6d9c0570 JavaThread "http-nio-8088-Poller" daemon [_thread_in_native, id=9404, stack(0x000000f0d3200000,0x000000f0d3300000)]
  0x0000026f6d9ba530 JavaThread "http-nio-8088-Acceptor" daemon [_thread_in_native, id=1944, stack(0x000000f0d3300000,0x000000f0d3400000)]
  0x0000026f6d9c0f10 JavaThread "DestroyJavaVM" [_thread_blocked, id=13440, stack(0x000000f0cfd00000,0x000000f0cfe00000)]

Other Threads:
  0x0000026f49189f40 VMThread "VM Thread" [stack: 0x000000f0d0300000,0x000000f0d0400000] [id=15328]
  0x0000026f6b70d3e0 WatcherThread "VM Periodic Task Thread" [stack: 0x000000f0d1100000,0x000000f0d1200000] [id=9024]
  0x0000026f4915d970 WorkerThread "GC Thread#0" [stack: 0x000000f0cfe00000,0x000000f0cff00000] [id=7656]
  0x0000026f6bff0020 WorkerThread "GC Thread#1" [stack: 0x000000f0d1200000,0x000000f0d1300000] [id=15056]
  0x0000026f6c1e2560 WorkerThread "GC Thread#2" [stack: 0x000000f0d1300000,0x000000f0d1400000] [id=18708]
  0x0000026f6c1e2800 WorkerThread "GC Thread#3" [stack: 0x000000f0d1400000,0x000000f0d1500000] [id=13176]
  0x0000026f6c1e2aa0 WorkerThread "GC Thread#4" [stack: 0x000000f0d1500000,0x000000f0d1600000] [id=17360]
  0x0000026f6c1e3350 WorkerThread "GC Thread#5" [stack: 0x000000f0d1600000,0x000000f0d1700000] [id=9552]
  0x0000026f6c1e5600 WorkerThread "GC Thread#6" [stack: 0x000000f0d1700000,0x000000f0d1800000] [id=4424]
  0x0000026f6c7039e0 WorkerThread "GC Thread#7" [stack: 0x000000f0d1b00000,0x000000f0d1c00000] [id=15064]
  0x0000026f6c5c5880 WorkerThread "GC Thread#8" [stack: 0x000000f0d1c00000,0x000000f0d1d00000] [id=18908]
  0x0000026f6c7bac00 WorkerThread "GC Thread#9" [stack: 0x000000f0d1d00000,0x000000f0d1e00000] [id=4012]
  0x0000026f4916d2b0 ConcurrentGCThread "G1 Main Marker" [stack: 0x000000f0cff00000,0x000000f0d0000000] [id=7408]
  0x0000026f4916dbb0 WorkerThread "G1 Conc#0" [stack: 0x000000f0d0000000,0x000000f0d0100000] [id=1852]
  0x0000026f6cbe5300 WorkerThread "G1 Conc#1" [stack: 0x000000f0d1a00000,0x000000f0d1b00000] [id=13664]
  0x0000026f6cbe5840 WorkerThread "G1 Conc#2" [stack: 0x000000f0d1e00000,0x000000f0d1f00000] [id=3324]
  0x0000026f6700a550 ConcurrentGCThread "G1 Refine#0" [stack: 0x000000f0d0100000,0x000000f0d0200000] [id=1616]
  0x0000026f6700bc20 ConcurrentGCThread "G1 Service" [stack: 0x000000f0d0200000,0x000000f0d0300000] [id=10728]

Threads with active compile tasks:
C2 CompilerThread0     9600 9135       4       java.util.ServiceLoader$LazyClassPathLookupIterator::parseLine (253 bytes)
C1 CompilerThread0     9600 9808       2       org.hibernate.sql.results.graph.entity.AbstractEntityInitializer::initializeIdentifier (86 bytes)
C2 CompilerThread1     9600 9300       4       org.apache.coyote.http11.Http11InputBuffer::parseHeader (1001 bytes)

VM state: not at safepoint (normal execution)

VM Mutex/Monitor currently owned by a thread:  ([mutex/lock_event])
[0x0000026f490fdbe0] MethodCompileQueue_lock - owner thread: 0x0000026f6716fd70
[0x0000026f49100d60] CodeCache_lock - owner thread: 0x0000026f6716fd70

Heap address: 0x000000008a800000, size: 1880 MB, Compressed Oops mode: 32-bit

CDS archive(s) mapped at: [0x0000000800000000-0x0000000800ba0000-0x0000000800ba0000), size 12189696, SharedBaseAddress: 0x0000000800000000, ArchiveRelocationMode: 0.
Compressed class space mapped at: 0x0000000800c00000-0x0000000840c00000, reserved size: 1073741824
Narrow klass base: 0x0000000800000000, Narrow klass shift: 0, Narrow klass range: 0x100000000

GC Precious Log:
 CardTable entry size: 512
 Card Set container configuration: InlinePtr #cards 5 size 8 Array Of Cards #cards 12 size 40 Howl #buckets 4 coarsen threshold 1843 Howl Bitmap #cards 512 size 80 coarsen threshold 460 Card regions per heap region 1 cards per card region 2048
 CPUs: 12 total, 12 available
 Memory: 7514M
 Large Page Support: Disabled
 NUMA Support: Disabled
 Compressed Oops: Enabled (32-bit)
 Heap Region Size: 1M
 Heap Min Capacity: 8M
 Heap Initial Capacity: 118M
 Heap Max Capacity: 1880M
 Pre-touch: Disabled
 Parallel Workers: 10
 Concurrent Workers: 3
 Concurrent Refinement Workers: 10
 Periodic GC: Disabled

Heap:
 garbage-first heap   total 104448K, used 65227K [0x000000008a800000, 0x0000000100000000)
  region size 1024K, 26 young (26624K), 1 survivors (1024K)
 Metaspace       used 78826K, committed 79680K, reserved 1179648K
  class space    used 10806K, committed 11200K, reserved 1048576K

Heap Regions: E=young(eden), S=young(survivor), O=old, HS=humongous(starts), HC=humongous(continues), CS=collection set, F=free, OA=open archive, CA=closed archive, TAMS=top-at-mark-start (previous, next)
|   0|0x000000008a800000, 0x000000008a900000, 0x000000008a900000|100%|HS|  |TAMS 0x000000008a900000, 0x000000008a800000| Complete 
|   1|0x000000008a900000, 0x000000008aa00000, 0x000000008aa00000|100%| O|  |TAMS 0x000000008aa00000, 0x000000008a900000| Untracked 
|   2|0x000000008aa00000, 0x000000008ab00000, 0x000000008ab00000|100%| O|  |TAMS 0x000000008ab00000, 0x000000008aa00000| Untracked 
|   3|0x000000008ab00000, 0x000000008ac00000, 0x000000008ac00000|100%| O|  |TAMS 0x000000008ac00000, 0x000000008ab00000| Untracked 
|   4|0x000000008ac00000, 0x000000008ad00000, 0x000000008ad00000|100%| O|  |TAMS 0x000000008ad00000, 0x000000008ac00000| Untracked 
|   5|0x000000008ad00000, 0x000000008ae00000, 0x000000008ae00000|100%| O|  |TAMS 0x000000008ae00000, 0x000000008ad00000| Untracked 
|   6|0x000000008ae00000, 0x000000008af00000, 0x000000008af00000|100%| O|  |TAMS 0x000000008af00000, 0x000000008ae00000| Untracked 
|   7|0x000000008af00000, 0x000000008af00000, 0x000000008b000000|  0%| F|  |TAMS 0x000000008af00000, 0x000000008af00000| Untracked 
|   8|0x000000008b000000, 0x000000008b100000, 0x000000008b100000|100%| O|  |TAMS 0x000000008b100000, 0x000000008b000000| Untracked 
|   9|0x000000008b100000, 0x000000008b200000, 0x000000008b200000|100%| O|  |TAMS 0x000000008b200000, 0x000000008b100000| Untracked 
|  10|0x000000008b200000, 0x000000008b300000, 0x000000008b300000|100%| O|  |TAMS 0x000000008b300000, 0x000000008b200000| Untracked 
|  11|0x000000008b300000, 0x000000008b400000, 0x000000008b400000|100%| O|  |TAMS 0x000000008b400000, 0x000000008b300000| Untracked 
|  12|0x000000008b400000, 0x000000008b500000, 0x000000008b500000|100%| O|  |TAMS 0x000000008b500000, 0x000000008b400000| Untracked 
|  13|0x000000008b500000, 0x000000008b600000, 0x000000008b600000|100%| O|  |TAMS 0x000000008b600000, 0x000000008b500000| Untracked 
|  14|0x000000008b600000, 0x000000008b700000, 0x000000008b700000|100%| O|  |TAMS 0x000000008b700000, 0x000000008b600000| Untracked 
|  15|0x000000008b700000, 0x000000008b800000, 0x000000008b800000|100%| O|  |TAMS 0x000000008b800000, 0x000000008b700000| Untracked 
|  16|0x000000008b800000, 0x000000008b900000, 0x000000008b900000|100%| O|  |TAMS 0x000000008b900000, 0x000000008b800000| Untracked 
|  17|0x000000008b900000, 0x000000008ba00000, 0x000000008ba00000|100%| O|  |TAMS 0x000000008ba00000, 0x000000008b900000| Untracked 
|  18|0x000000008ba00000, 0x000000008bb00000, 0x000000008bb00000|100%| O|  |TAMS 0x000000008bb00000, 0x000000008ba00000| Untracked 
|  19|0x000000008bb00000, 0x000000008bc00000, 0x000000008bc00000|100%| O|  |TAMS 0x000000008bc00000, 0x000000008bb00000| Untracked 
|  20|0x000000008bc00000, 0x000000008bd00000, 0x000000008bd00000|100%| O|  |TAMS 0x000000008bd00000, 0x000000008bc00000| Untracked 
|  21|0x000000008bd00000, 0x000000008be00000, 0x000000008be00000|100%| O|  |TAMS 0x000000008be00000, 0x000000008bd00000| Untracked 
|  22|0x000000008be00000, 0x000000008bf00000, 0x000000008bf00000|100%| O|  |TAMS 0x000000008bf00000, 0x000000008be00000| Untracked 
|  23|0x000000008bf00000, 0x000000008c000000, 0x000000008c000000|100%| O|  |TAMS 0x000000008c000000, 0x000000008bf00000| Untracked 
|  24|0x000000008c000000, 0x000000008c100000, 0x000000008c100000|100%| O|  |TAMS 0x000000008c100000, 0x000000008c000000| Untracked 
|  25|0x000000008c100000, 0x000000008c200000, 0x000000008c200000|100%| O|  |TAMS 0x000000008c200000, 0x000000008c100000| Untracked 
|  26|0x000000008c200000, 0x000000008c300000, 0x000000008c300000|100%| O|  |TAMS 0x000000008c300000, 0x000000008c200000| Untracked 
|  27|0x000000008c300000, 0x000000008c400000, 0x000000008c400000|100%| O|  |TAMS 0x000000008c400000, 0x000000008c300000| Untracked 
|  28|0x000000008c400000, 0x000000008c500000, 0x000000008c500000|100%| O|  |TAMS 0x000000008c500000, 0x000000008c400000| Untracked 
|  29|0x000000008c500000, 0x000000008c600000, 0x000000008c600000|100%| O|  |TAMS 0x000000008c600000, 0x000000008c500000| Untracked 
|  30|0x000000008c600000, 0x000000008c700000, 0x000000008c700000|100%| O|  |TAMS 0x000000008c700000, 0x000000008c600000| Untracked 
|  31|0x000000008c700000, 0x000000008c800000, 0x000000008c800000|100%| O|  |TAMS 0x000000008c800000, 0x000000008c700000| Untracked 
|  32|0x000000008c800000, 0x000000008c900000, 0x000000008c900000|100%| O|  |TAMS 0x000000008c82e200, 0x000000008c800000| Untracked 
|  33|0x000000008c900000, 0x000000008ca00000, 0x000000008ca00000|100%| O|  |TAMS 0x000000008c900000, 0x000000008c900000| Untracked 
|  34|0x000000008ca00000, 0x000000008cb00000, 0x000000008cb00000|100%| O|  |TAMS 0x000000008ca00000, 0x000000008ca00000| Untracked 
|  35|0x000000008cb00000, 0x000000008cc00000, 0x000000008cc00000|100%| O|  |TAMS 0x000000008cb00000, 0x000000008cb00000| Untracked 
|  36|0x000000008cc00000, 0x000000008cd00000, 0x000000008cd00000|100%| O|  |TAMS 0x000000008cc00000, 0x000000008cc00000| Untracked 
|  37|0x000000008cd00000, 0x000000008ce00000, 0x000000008ce00000|100%| O|  |TAMS 0x000000008cd00000, 0x000000008cd00000| Untracked 
|  38|0x000000008ce00000, 0x000000008cf00000, 0x000000008cf00000|100%| O|  |TAMS 0x000000008ce00000, 0x000000008ce00000| Untracked 
|  39|0x000000008cf00000, 0x000000008cfdf800, 0x000000008d000000| 87%| O|  |TAMS 0x000000008cf00000, 0x000000008cf00000| Untracked 
|  40|0x000000008d000000, 0x000000008d000000, 0x000000008d100000|  0%| F|  |TAMS 0x000000008d000000, 0x000000008d000000| Untracked 
|  41|0x000000008d100000, 0x000000008d100000, 0x000000008d200000|  0%| F|  |TAMS 0x000000008d100000, 0x000000008d100000| Untracked 
|  42|0x000000008d200000, 0x000000008d200000, 0x000000008d300000|  0%| F|  |TAMS 0x000000008d200000, 0x000000008d200000| Untracked 
|  43|0x000000008d300000, 0x000000008d300000, 0x000000008d400000|  0%| F|  |TAMS 0x000000008d300000, 0x000000008d300000| Untracked 
|  44|0x000000008d400000, 0x000000008d400000, 0x000000008d500000|  0%| F|  |TAMS 0x000000008d400000, 0x000000008d400000| Untracked 
|  45|0x000000008d500000, 0x000000008d500000, 0x000000008d600000|  0%| F|  |TAMS 0x000000008d500000, 0x000000008d500000| Untracked 
|  46|0x000000008d600000, 0x000000008d600000, 0x000000008d700000|  0%| F|  |TAMS 0x000000008d600000, 0x000000008d600000| Untracked 
|  47|0x000000008d700000, 0x000000008d700000, 0x000000008d800000|  0%| F|  |TAMS 0x000000008d700000, 0x000000008d700000| Untracked 
|  48|0x000000008d800000, 0x000000008d800000, 0x000000008d900000|  0%| F|  |TAMS 0x000000008d800000, 0x000000008d800000| Untracked 
|  49|0x000000008d900000, 0x000000008d900000, 0x000000008da00000|  0%| F|  |TAMS 0x000000008d900000, 0x000000008d900000| Untracked 
|  50|0x000000008da00000, 0x000000008da00000, 0x000000008db00000|  0%| F|  |TAMS 0x000000008da00000, 0x000000008da00000| Untracked 
|  51|0x000000008db00000, 0x000000008db00000, 0x000000008dc00000|  0%| F|  |TAMS 0x000000008db00000, 0x000000008db00000| Untracked 
|  52|0x000000008dc00000, 0x000000008dc00000, 0x000000008dd00000|  0%| F|  |TAMS 0x000000008dc00000, 0x000000008dc00000| Untracked 
|  53|0x000000008dd00000, 0x000000008dd00000, 0x000000008de00000|  0%| F|  |TAMS 0x000000008dd00000, 0x000000008dd00000| Untracked 
|  54|0x000000008de00000, 0x000000008de00000, 0x000000008df00000|  0%| F|  |TAMS 0x000000008de00000, 0x000000008de00000| Untracked 
|  55|0x000000008df00000, 0x000000008df00000, 0x000000008e000000|  0%| F|  |TAMS 0x000000008df00000, 0x000000008df00000| Untracked 
|  56|0x000000008e000000, 0x000000008e000000, 0x000000008e100000|  0%| F|  |TAMS 0x000000008e000000, 0x000000008e000000| Untracked 
|  57|0x000000008e100000, 0x000000008e100000, 0x000000008e200000|  0%| F|  |TAMS 0x000000008e100000, 0x000000008e100000| Untracked 
|  58|0x000000008e200000, 0x000000008e200000, 0x000000008e300000|  0%| F|  |TAMS 0x000000008e200000, 0x000000008e200000| Untracked 
|  59|0x000000008e300000, 0x000000008e300000, 0x000000008e400000|  0%| F|  |TAMS 0x000000008e300000, 0x000000008e300000| Untracked 
|  60|0x000000008e400000, 0x000000008e400000, 0x000000008e500000|  0%| F|  |TAMS 0x000000008e400000, 0x000000008e400000| Untracked 
|  61|0x000000008e500000, 0x000000008e5d34b8, 0x000000008e600000| 82%| S|CS|TAMS 0x000000008e500000, 0x000000008e500000| Complete 
|  62|0x000000008e600000, 0x000000008e600000, 0x000000008e700000|  0%| F|  |TAMS 0x000000008e600000, 0x000000008e600000| Untracked 
|  63|0x000000008e700000, 0x000000008e700000, 0x000000008e800000|  0%| F|  |TAMS 0x000000008e700000, 0x000000008e700000| Untracked 
|  64|0x000000008e800000, 0x000000008e800000, 0x000000008e900000|  0%| F|  |TAMS 0x000000008e800000, 0x000000008e800000| Untracked 
|  65|0x000000008e900000, 0x000000008e900000, 0x000000008ea00000|  0%| F|  |TAMS 0x000000008e900000, 0x000000008e900000| Untracked 
|  66|0x000000008ea00000, 0x000000008ea00000, 0x000000008eb00000|  0%| F|  |TAMS 0x000000008ea00000, 0x000000008ea00000| Untracked 
|  67|0x000000008eb00000, 0x000000008eb00000, 0x000000008ec00000|  0%| F|  |TAMS 0x000000008eb00000, 0x000000008eb00000| Untracked 
|  68|0x000000008ec00000, 0x000000008ec00000, 0x000000008ed00000|  0%| F|  |TAMS 0x000000008ec00000, 0x000000008ec00000| Untracked 
|  69|0x000000008ed00000, 0x000000008ed00000, 0x000000008ee00000|  0%| F|  |TAMS 0x000000008ed00000, 0x000000008ed00000| Untracked 
|  70|0x000000008ee00000, 0x000000008ee00000, 0x000000008ef00000|  0%| F|  |TAMS 0x000000008ee00000, 0x000000008ee00000| Untracked 
|  71|0x000000008ef00000, 0x000000008ef00000, 0x000000008f000000|  0%| F|  |TAMS 0x000000008ef00000, 0x000000008ef00000| Untracked 
|  72|0x000000008f000000, 0x000000008f000000, 0x000000008f100000|  0%| F|  |TAMS 0x000000008f000000, 0x000000008f000000| Untracked 
|  73|0x000000008f100000, 0x000000008f100000, 0x000000008f200000|  0%| F|  |TAMS 0x000000008f100000, 0x000000008f100000| Untracked 
|  74|0x000000008f200000, 0x000000008f200000, 0x000000008f300000|  0%| F|  |TAMS 0x000000008f200000, 0x000000008f200000| Untracked 
|  75|0x000000008f300000, 0x000000008f300000, 0x000000008f400000|  0%| F|  |TAMS 0x000000008f300000, 0x000000008f300000| Untracked 
|  76|0x000000008f400000, 0x000000008f400000, 0x000000008f500000|  0%| F|  |TAMS 0x000000008f400000, 0x000000008f400000| Untracked 
|  77|0x000000008f500000, 0x000000008f57f0b0, 0x000000008f600000| 49%| E|  |TAMS 0x000000008f500000, 0x000000008f500000| Complete 
|  78|0x000000008f600000, 0x000000008f700000, 0x000000008f700000|100%| E|CS|TAMS 0x000000008f600000, 0x000000008f600000| Complete 
|  79|0x000000008f700000, 0x000000008f800000, 0x000000008f800000|100%| E|CS|TAMS 0x000000008f700000, 0x000000008f700000| Complete 
|  80|0x000000008f800000, 0x000000008f900000, 0x000000008f900000|100%| E|CS|TAMS 0x000000008f800000, 0x000000008f800000| Complete 
|  81|0x000000008f900000, 0x000000008fa00000, 0x000000008fa00000|100%| E|CS|TAMS 0x000000008f900000, 0x000000008f900000| Complete 
|  82|0x000000008fa00000, 0x000000008fb00000, 0x000000008fb00000|100%| E|CS|TAMS 0x000000008fa00000, 0x000000008fa00000| Complete 
|  83|0x000000008fb00000, 0x000000008fc00000, 0x000000008fc00000|100%| E|CS|TAMS 0x000000008fb00000, 0x000000008fb00000| Complete 
|  84|0x000000008fc00000, 0x000000008fd00000, 0x000000008fd00000|100%| E|CS|TAMS 0x000000008fc00000, 0x000000008fc00000| Complete 
|  85|0x000000008fd00000, 0x000000008fe00000, 0x000000008fe00000|100%| E|CS|TAMS 0x000000008fd00000, 0x000000008fd00000| Complete 
|  86|0x000000008fe00000, 0x000000008ff00000, 0x000000008ff00000|100%| E|CS|TAMS 0x000000008fe00000, 0x000000008fe00000| Complete 
|  87|0x000000008ff00000, 0x0000000090000000, 0x0000000090000000|100%| E|CS|TAMS 0x000000008ff00000, 0x000000008ff00000| Complete 
|  88|0x0000000090000000, 0x0000000090100000, 0x0000000090100000|100%| E|CS|TAMS 0x0000000090000000, 0x0000000090000000| Complete 
|  89|0x0000000090100000, 0x0000000090200000, 0x0000000090200000|100%| E|CS|TAMS 0x0000000090100000, 0x0000000090100000| Complete 
|  90|0x0000000090200000, 0x0000000090300000, 0x0000000090300000|100%| E|CS|TAMS 0x0000000090200000, 0x0000000090200000| Complete 
|  91|0x0000000090300000, 0x0000000090400000, 0x0000000090400000|100%| E|CS|TAMS 0x0000000090300000, 0x0000000090300000| Complete 
|  92|0x0000000090400000, 0x0000000090500000, 0x0000000090500000|100%| E|CS|TAMS 0x0000000090400000, 0x0000000090400000| Complete 
|  93|0x0000000090500000, 0x0000000090600000, 0x0000000090600000|100%| E|CS|TAMS 0x0000000090500000, 0x0000000090500000| Complete 
|  94|0x0000000090600000, 0x0000000090700000, 0x0000000090700000|100%| E|CS|TAMS 0x0000000090600000, 0x0000000090600000| Complete 
|  95|0x0000000090700000, 0x0000000090800000, 0x0000000090800000|100%| E|CS|TAMS 0x0000000090700000, 0x0000000090700000| Complete 
|  96|0x0000000090800000, 0x0000000090900000, 0x0000000090900000|100%| E|CS|TAMS 0x0000000090800000, 0x0000000090800000| Complete 
|  97|0x0000000090900000, 0x0000000090a00000, 0x0000000090a00000|100%| E|CS|TAMS 0x0000000090900000, 0x0000000090900000| Complete 
|  98|0x0000000090a00000, 0x0000000090b00000, 0x0000000090b00000|100%| E|CS|TAMS 0x0000000090a00000, 0x0000000090a00000| Complete 
|  99|0x0000000090b00000, 0x0000000090c00000, 0x0000000090c00000|100%| E|CS|TAMS 0x0000000090b00000, 0x0000000090b00000| Complete 
| 100|0x0000000090c00000, 0x0000000090d00000, 0x0000000090d00000|100%| E|CS|TAMS 0x0000000090c00000, 0x0000000090c00000| Complete 
| 117|0x0000000091d00000, 0x0000000091e00000, 0x0000000091e00000|100%| E|CS|TAMS 0x0000000091d00000, 0x0000000091d00000| Complete 

Card table byte_map: [0x0000026f60320000,0x0000026f606d0000] _byte_map_base: 0x0000026f5fecc000

Marking Bits (Prev, Next): (CMBitMap*) 0x0000026f4915de80, (CMBitMap*) 0x0000026f4915dec0
 Prev Bits: [0x0000026f60a80000, 0x0000026f627e0000)
 Next Bits: [0x0000026f627e0000, 0x0000026f64540000)

Polling page: 0x0000026f47080000

Metaspace:

Usage:
  Non-class:     66.43 MB used.
      Class:     10.55 MB used.
       Both:     76.99 MB used.

Virtual space:
  Non-class space:      128.00 MB reserved,      66.88 MB ( 52%) committed,  2 nodes.
      Class space:        1.00 GB reserved,      10.94 MB (  1%) committed,  1 nodes.
             Both:        1.12 GB reserved,      77.81 MB (  7%) committed. 

Chunk freelists:
   Non-Class:  1.04 MB
       Class:  1.07 MB
        Both:  2.11 MB

MaxMetaspaceSize: unlimited
CompressedClassSpaceSize: 1.00 GB
Initial GC threshold: 21.00 MB
Current GC threshold: 118.69 MB
CDS: on
MetaspaceReclaimPolicy: balanced
 - commit_granule_bytes: 65536.
 - commit_granule_words: 8192.
 - virtual_space_node_default_size: 8388608.
 - enlarge_chunks_in_place: 1.
 - new_chunks_are_fully_committed: 0.
 - uncommit_free_chunks: 1.
 - use_allocation_guard: 0.


Internal statistics:

num_allocs_failed_limit: 6.
num_arena_births: 1176.
num_arena_deaths: 0.
num_vsnodes_births: 3.
num_vsnodes_deaths: 0.
num_space_committed: 1245.
num_space_uncommitted: 0.
num_chunks_returned_to_freelist: 6.
num_chunks_taken_from_freelist: 4008.
num_chunk_merges: 3.
num_chunk_splits: 2949.
num_chunks_enlarged: 2333.
num_inconsistent_stats: 0.

CodeHeap 'non-profiled nmethods': size=120000Kb used=5168Kb max_used=5168Kb free=114831Kb
 bounds [0x0000026f584f0000, 0x0000026f58a00000, 0x0000026f5fa20000]
CodeHeap 'profiled nmethods': size=120000Kb used=15928Kb max_used=15928Kb free=104072Kb
 bounds [0x0000026f50fc0000, 0x0000026f51f50000, 0x0000026f584f0000]
CodeHeap 'non-nmethods': size=5760Kb used=1381Kb max_used=1421Kb free=4378Kb
 bounds [0x0000026f50a20000, 0x0000026f50c90000, 0x0000026f50fc0000]
 total_blobs=9539 nmethods=8830 adapters=619
 compilation: enabled
              stopped_count=0, restarted_count=0
 full_count=0

Compilation events (20 events):
Event: 9.580 Thread 0x0000026f6716fd70 nmethod 9693 0x0000026f589f6c10 code [0x0000026f589f6da0, 0x0000026f589f6e78]
Event: 9.580 Thread 0x0000026f6716fd70 9672       1       org.hibernate.sql.results.internal.ResultsHelper$1::getSqlAstCreationContext (5 bytes)
Event: 9.580 Thread 0x0000026f6716fd70 nmethod 9672 0x0000026f589f6f10 code [0x0000026f589f70a0, 0x0000026f589f7178]
Event: 9.580 Thread 0x0000026f6716fd70 9730       2       org.hibernate.internal.util.collections.StandardStack::findCurrentFirstWithParameter (42 bytes)
Event: 9.581 Thread 0x0000026f6716fd70 nmethod 9730 0x0000026f51f3a310 code [0x0000026f51f3a4c0, 0x0000026f51f3a6e8]
Event: 9.581 Thread 0x0000026f6716fd70 9731       2       java.io.ObjectStreamClass::getSerialVersionUID (42 bytes)
Event: 9.581 Thread 0x0000026f6716fd70 nmethod 9731 0x0000026f51f3a810 code [0x0000026f51f3a9e0, 0x0000026f51f3aca8]
Event: 9.581 Thread 0x0000026f6716fd70 9732       2       org.hibernate.internal.AbstractSharedSessionContract::isOpenOrWaitingForAutoClose (20 bytes)
Event: 9.581 Thread 0x0000026f6716fd70 nmethod 9732 0x0000026f51f3ae10 code [0x0000026f51f3afa0, 0x0000026f51f3b138]
Event: 9.581 Thread 0x0000026f6716fd70 9736       2       com.fasterxml.jackson.core.io.NumberOutput::outputInt (205 bytes)
Event: 9.582 Thread 0x0000026f6716fd70 nmethod 9736 0x0000026f51f3b210 code [0x0000026f51f3b440, 0x0000026f51f3b878]
Event: 9.582 Thread 0x0000026f6716fd70 9733       2       org.hibernate.internal.JdbcSessionContextImpl::settings (10 bytes)
Event: 9.582 Thread 0x0000026f6716fd70 nmethod 9733 0x0000026f51f3bb10 code [0x0000026f51f3bca0, 0x0000026f51f3bdf8]
Event: 9.582 Thread 0x0000026f6716fd70 9725       1       com.example.foodApp.model.User::getId (5 bytes)
Event: 9.582 Thread 0x0000026f6716fd70 nmethod 9725 0x0000026f589f7210 code [0x0000026f589f73a0, 0x0000026f589f7478]
Event: 9.582 Thread 0x0000026f6716fd70 9737       2       org.hibernate.sql.results.jdbc.internal.JdbcValuesSourceProcessingStateStandardImpl::findLoadingCollectionLocally (23 bytes)
Event: 9.582 Thread 0x0000026f6716fd70 nmethod 9737 0x0000026f51f3bf10 code [0x0000026f51f3c0c0, 0x0000026f51f3c288]
Event: 9.582 Thread 0x0000026f6716fd70 9739       2       org.hibernate.sql.results.spi.LoadContexts::findLoadingCollectionEntry (17 bytes)
Event: 9.582 Thread 0x0000026f6716fd70 nmethod 9739 0x0000026f51f3c390 code [0x0000026f51f3c540, 0x0000026f51f3c6c8]
Event: 9.582 Thread 0x0000026f6716fd70 9738       2       org.hibernate.persister.entity.AbstractEntityPersister$$Lambda$2023/0x00000008016ad490::<init> (10 bytes)

GC Heap History (20 events):
Event: 7.133 GC heap before
{Heap before GC invocations=15 (full 0):
 garbage-first heap   total 66560K, used 50742K [0x000000008a800000, 0x0000000100000000)
  region size 1024K, 27 young (27648K), 3 survivors (3072K)
 Metaspace       used 61498K, committed 62208K, reserved 1114112K
  class space    used 8230K, committed 8576K, reserved 1048576K
}
Event: 7.138 GC heap after
{Heap after GC invocations=16 (full 0):
 garbage-first heap   total 66560K, used 29543K [0x000000008a800000, 0x0000000100000000)
  region size 1024K, 4 young (4096K), 4 survivors (4096K)
 Metaspace       used 61498K, committed 62208K, reserved 1114112K
  class space    used 8230K, committed 8576K, reserved 1048576K
}
Event: 7.381 GC heap before
{Heap before GC invocations=16 (full 0):
 garbage-first heap   total 66560K, used 51047K [0x000000008a800000, 0x0000000100000000)
  region size 1024K, 26 young (26624K), 4 survivors (4096K)
 Metaspace       used 64739K, committed 65408K, reserved 1114112K
  class space    used 8879K, committed 9216K, reserved 1048576K
}
Event: 7.386 GC heap after
{Heap after GC invocations=17 (full 0):
 garbage-first heap   total 66560K, used 31696K [0x000000008a800000, 0x0000000100000000)
  region size 1024K, 3 young (3072K), 3 survivors (3072K)
 Metaspace       used 64739K, committed 65408K, reserved 1114112K
  class space    used 8879K, committed 9216K, reserved 1048576K
}
Event: 7.577 GC heap before
{Heap before GC invocations=17 (full 0):
 garbage-first heap   total 66560K, used 50128K [0x000000008a800000, 0x0000000100000000)
  region size 1024K, 22 young (22528K), 3 survivors (3072K)
 Metaspace       used 67031K, committed 67712K, reserved 1114112K
  class space    used 9181K, committed 9536K, reserved 1048576K
}
Event: 7.580 GC heap after
{Heap after GC invocations=18 (full 0):
 garbage-first heap   total 66560K, used 32993K [0x000000008a800000, 0x0000000100000000)
  region size 1024K, 2 young (2048K), 2 survivors (2048K)
 Metaspace       used 67031K, committed 67712K, reserved 1114112K
  class space    used 9181K, committed 9536K, reserved 1048576K
}
Event: 7.623 GC heap before
{Heap before GC invocations=19 (full 0):
 garbage-first heap   total 70656K, used 52449K [0x000000008a800000, 0x0000000100000000)
  region size 1024K, 21 young (21504K), 2 survivors (2048K)
 Metaspace       used 67038K, committed 67712K, reserved 1114112K
  class space    used 9181K, committed 9536K, reserved 1048576K
}
Event: 7.625 GC heap after
{Heap after GC invocations=20 (full 0):
 garbage-first heap   total 70656K, used 33490K [0x000000008a800000, 0x0000000100000000)
  region size 1024K, 2 young (2048K), 2 survivors (2048K)
 Metaspace       used 67038K, committed 67712K, reserved 1114112K
  class space    used 9181K, committed 9536K, reserved 1048576K
}
Event: 7.804 GC heap before
{Heap before GC invocations=20 (full 0):
 garbage-first heap   total 70656K, used 57042K [0x000000008a800000, 0x0000000100000000)
  region size 1024K, 25 young (25600K), 2 survivors (2048K)
 Metaspace       used 67479K, committed 68224K, reserved 1114112K
  class space    used 9247K, committed 9600K, reserved 1048576K
}
Event: 7.806 GC heap after
{Heap after GC invocations=21 (full 0):
 garbage-first heap   total 70656K, used 34488K [0x000000008a800000, 0x0000000100000000)
  region size 1024K, 3 young (3072K), 3 survivors (3072K)
 Metaspace       used 67479K, committed 68224K, reserved 1114112K
  class space    used 9247K, committed 9600K, reserved 1048576K
}
Event: 8.153 GC heap before
{Heap before GC invocations=22 (full 0):
 garbage-first heap   total 70656K, used 57016K [0x000000008a800000, 0x0000000100000000)
  region size 1024K, 25 young (25600K), 3 survivors (3072K)
 Metaspace       used 69776K, committed 70464K, reserved 1114112K
  class space    used 9577K, committed 9920K, reserved 1048576K
}
Event: 8.157 GC heap after
{Heap after GC invocations=23 (full 0):
 garbage-first heap   total 70656K, used 36532K [0x000000008a800000, 0x0000000100000000)
  region size 1024K, 4 young (4096K), 4 survivors (4096K)
 Metaspace       used 69776K, committed 70464K, reserved 1114112K
  class space    used 9577K, committed 9920K, reserved 1048576K
}
Event: 8.456 GC heap before
{Heap before GC invocations=23 (full 0):
 garbage-first heap   total 70656K, used 57012K [0x000000008a800000, 0x0000000100000000)
  region size 1024K, 24 young (24576K), 4 survivors (4096K)
 Metaspace       used 71896K, committed 72640K, reserved 1114112K
  class space    used 9873K, committed 10240K, reserved 1048576K
}
Event: 8.461 GC heap after
{Heap after GC invocations=24 (full 0):
 garbage-first heap   total 70656K, used 38296K [0x000000008a800000, 0x0000000100000000)
  region size 1024K, 3 young (3072K), 3 survivors (3072K)
 Metaspace       used 71896K, committed 72640K, reserved 1114112K
  class space    used 9873K, committed 10240K, reserved 1048576K
}
Event: 8.795 GC heap before
{Heap before GC invocations=25 (full 0):
 garbage-first heap   total 70656K, used 55704K [0x000000008a800000, 0x0000000100000000)
  region size 1024K, 21 young (21504K), 3 survivors (3072K)
 Metaspace       used 75671K, committed 76416K, reserved 1179648K
  class space    used 10452K, committed 10816K, reserved 1048576K
}
Event: 8.801 GC heap after
{Heap after GC invocations=26 (full 0):
 garbage-first heap   total 70656K, used 39944K [0x000000008a800000, 0x0000000100000000)
  region size 1024K, 2 young (2048K), 2 survivors (2048K)
 Metaspace       used 75671K, committed 76416K, reserved 1179648K
  class space    used 10452K, committed 10816K, reserved 1048576K
}
Event: 8.815 GC heap before
{Heap before GC invocations=26 (full 0):
 garbage-first heap   total 70656K, used 40968K [0x000000008a800000, 0x0000000100000000)
  region size 1024K, 3 young (3072K), 2 survivors (2048K)
 Metaspace       used 75814K, committed 76544K, reserved 1179648K
  class space    used 10485K, committed 10816K, reserved 1048576K
}
Event: 8.817 GC heap after
{Heap after GC invocations=27 (full 0):
 garbage-first heap   total 104448K, used 40108K [0x000000008a800000, 0x0000000100000000)
  region size 1024K, 1 young (1024K), 1 survivors (1024K)
 Metaspace       used 75814K, committed 76544K, reserved 1179648K
  class space    used 10485K, committed 10816K, reserved 1048576K
}
Event: 9.329 GC heap before
{Heap before GC invocations=27 (full 0):
 garbage-first heap   total 104448K, used 79020K [0x000000008a800000, 0x0000000100000000)
  region size 1024K, 40 young (40960K), 1 survivors (1024K)
 Metaspace       used 78418K, committed 79168K, reserved 1179648K
  class space    used 10797K, committed 11136K, reserved 1048576K
}
Event: 9.332 GC heap after
{Heap after GC invocations=28 (full 0):
 garbage-first heap   total 104448K, used 40651K [0x000000008a800000, 0x0000000100000000)
  region size 1024K, 1 young (1024K), 1 survivors (1024K)
 Metaspace       used 78418K, committed 79168K, reserved 1179648K
  class space    used 10797K, committed 11136K, reserved 1048576K
}

Deoptimization events (20 events):
Event: 9.037 Thread 0x0000026f6d9bda20 DEOPT PACKING pc=0x0000026f51d01ed6 sp=0x000000f0d23f9cf0
Event: 9.037 Thread 0x0000026f6d9bda20 DEOPT UNPACKING pc=0x0000026f50a72b43 sp=0x000000f0d23f9178 mode 0
Event: 9.051 Thread 0x0000026f6d9bbd40 DEOPT PACKING pc=0x0000026f51d01ed6 sp=0x000000f0d21fb500
Event: 9.051 Thread 0x0000026f6d9bbd40 DEOPT UNPACKING pc=0x0000026f50a72b43 sp=0x000000f0d21fa988 mode 0
Event: 9.282 Thread 0x0000026f6d9bc6e0 DEOPT PACKING pc=0x0000026f518db4fd sp=0x000000f0d26f9c30
Event: 9.282 Thread 0x0000026f6d9bc6e0 DEOPT UNPACKING pc=0x0000026f50a72b43 sp=0x000000f0d26f91a0 mode 0
Event: 9.422 Thread 0x0000026f6d9ba060 DEOPT PACKING pc=0x0000026f51d9fa2d sp=0x000000f0d27fa0b0
Event: 9.422 Thread 0x0000026f6d9ba060 DEOPT UNPACKING pc=0x0000026f50a72b43 sp=0x000000f0d27f9538 mode 0
Event: 9.424 Thread 0x0000026f6d9bfbd0 DEOPT PACKING pc=0x0000026f51d0f279 sp=0x000000f0d24feec0
Event: 9.424 Thread 0x0000026f6d9bfbd0 DEOPT UNPACKING pc=0x0000026f50a72b43 sp=0x000000f0d24fe400 mode 0
Event: 9.456 Thread 0x0000026f6d9bc210 DEOPT PACKING pc=0x0000026f51d0f279 sp=0x000000f0d29fef40
Event: 9.456 Thread 0x0000026f6d9bc210 DEOPT UNPACKING pc=0x0000026f50a72b43 sp=0x000000f0d29fe480 mode 0
Event: 9.457 Thread 0x0000026f6d9bb870 DEOPT PACKING pc=0x0000026f51d9fa2d sp=0x000000f0d28fbbc0
Event: 9.457 Thread 0x0000026f6d9bb870 DEOPT UNPACKING pc=0x0000026f50a72b43 sp=0x000000f0d28fb048 mode 0
Event: 9.516 Thread 0x0000026f6d9bfbd0 DEOPT PACKING pc=0x0000026f51d0f279 sp=0x000000f0d24feec0
Event: 9.516 Thread 0x0000026f6d9bfbd0 DEOPT UNPACKING pc=0x0000026f50a72b43 sp=0x000000f0d24fe400 mode 0
Event: 9.548 Thread 0x0000026f6d9bbd40 DEOPT PACKING pc=0x0000026f518db4fd sp=0x000000f0d21f8cd0
Event: 9.548 Thread 0x0000026f6d9bbd40 DEOPT UNPACKING pc=0x0000026f50a72b43 sp=0x000000f0d21f8240 mode 0
Event: 9.565 Thread 0x0000026f6d9bda20 DEOPT PACKING pc=0x0000026f51d0f279 sp=0x000000f0d23fee30
Event: 9.565 Thread 0x0000026f6d9bda20 DEOPT UNPACKING pc=0x0000026f50a72b43 sp=0x000000f0d23fe370 mode 0

Classes loaded (20 events):
Event: 8.979 Loading class jdk/internal/reflect/ClassDefiner$1
Event: 8.979 Loading class jdk/internal/reflect/ClassDefiner$1 done
Event: 8.979 Loading class jdk/internal/reflect/SerializationConstructorAccessorImpl
Event: 8.979 Loading class jdk/internal/reflect/SerializationConstructorAccessorImpl done
Event: 8.982 Loading class java/io/ClassCache$CacheRef
Event: 8.982 Loading class java/io/ClassCache$CacheRef done
Event: 8.982 Loading class java/io/ObjectStreamClass$FieldReflectorKey
Event: 8.983 Loading class java/io/ObjectStreamClass$FieldReflectorKey done
Event: 8.983 Loading class java/io/ObjectStreamClass$FieldReflector
Event: 8.983 Loading class java/io/ObjectStreamClass$FieldReflector done
Event: 8.983 Loading class java/io/ObjectStreamClass$ClassDataSlot
Event: 8.983 Loading class java/io/ObjectStreamClass$ClassDataSlot done
Event: 8.983 Loading class java/io/ObjectInputStream$FieldValues
Event: 8.983 Loading class java/io/ObjectInputStream$GetField
Event: 8.983 Loading class java/io/ObjectInputStream$GetField done
Event: 8.983 Loading class java/io/ObjectInputStream$FieldValues done
Event: 8.983 Loading class java/io/SerialCallbackContext
Event: 8.984 Loading class java/io/SerialCallbackContext done
Event: 9.010 Loading class java/util/concurrent/atomic/Striped64$Cell
Event: 9.010 Loading class java/util/concurrent/atomic/Striped64$Cell done

Classes unloaded (0 events):
No events

Classes redefined (0 events):
No events

Internal exceptions (20 events):
Event: 8.703 Thread 0x0000026f6d9bc6e0 Implicit null exception at 0x0000026f58887cc0 to 0x0000026f58887e12
Event: 8.772 Thread 0x0000026f6d9c0a40 Implicit null exception at 0x0000026f5869ab5b to 0x0000026f5869abd0
Event: 8.808 Thread 0x0000026f6d9c0a40 Exception <a 'java/lang/NoSuchMethodError'{0x0000000091da4e70}: 'void java.lang.invoke.DirectMethodHandle$Holder.invokeSpecialIFC(java.lang.Object, java.lang.Object, int, java.lang.Object, java.lang.Object, java.lang.Object, java.lang.Object)'> (0x0000000091da4e70) 
thrown [s\open\src\hotspot\share\interpreter\linkResolver.cpp, line 759]
Event: 8.808 Thread 0x0000026f6d9bc6e0 Exception <a 'java/lang/NoSuchMethodError'{0x0000000091d58e80}: 'void java.lang.invoke.DirectMethodHandle$Holder.invokeSpecialIFC(java.lang.Object, java.lang.Object, int, java.lang.Object, java.lang.Object, java.lang.Object, java.lang.Object)'> (0x0000000091d58e80) 
thrown [s\open\src\hotspot\share\interpreter\linkResolver.cpp, line 759]
Event: 8.808 Thread 0x0000026f6d9bda20 Exception <a 'java/lang/NoSuchMethodError'{0x0000000091d635e0}: 'void java.lang.invoke.DirectMethodHandle$Holder.invokeSpecialIFC(java.lang.Object, java.lang.Object, int, java.lang.Object, java.lang.Object, java.lang.Object, java.lang.Object)'> (0x0000000091d635e0) 
thrown [s\open\src\hotspot\share\interpreter\linkResolver.cpp, line 759]
Event: 8.808 Thread 0x0000026f6d9bbd40 Exception <a 'java/lang/NoSuchMethodError'{0x0000000091d79358}: 'void java.lang.invoke.DirectMethodHandle$Holder.invokeSpecialIFC(java.lang.Object, java.lang.Object, int, java.lang.Object, java.lang.Object, java.lang.Object, java.lang.Object)'> (0x0000000091d79358) 
thrown [s\open\src\hotspot\share\interpreter\linkResolver.cpp, line 759]
Event: 8.808 Thread 0x0000026f6d9bdef0 Exception <a 'java/lang/NoSuchMethodError'{0x0000000091d8fe28}: 'void java.lang.invoke.DirectMethodHandle$Holder.invokeSpecialIFC(java.lang.Object, java.lang.Object, int, java.lang.Object, java.lang.Object, java.lang.Object, java.lang.Object)'> (0x0000000091d8fe28) 
thrown [s\open\src\hotspot\share\interpreter\linkResolver.cpp, line 759]
Event: 8.808 Thread 0x0000026f6d9bfbd0 Exception <a 'java/lang/NoSuchMethodError'{0x0000000091d6e6f8}: 'void java.lang.invoke.DirectMethodHandle$Holder.invokeSpecialIFC(java.lang.Object, java.lang.Object, int, java.lang.Object, java.lang.Object, java.lang.Object, java.lang.Object)'> (0x0000000091d6e6f8) 
thrown [s\open\src\hotspot\share\interpreter\linkResolver.cpp, line 759]
Event: 8.975 Thread 0x0000026f6d9bc6e0 Exception <a 'java/lang/NoSuchMethodError'{0x000000009067b4b0}: 'long java.lang.invoke.Invokers$Holder.invokeExact_MT(java.lang.Object, java.lang.Object)'> (0x000000009067b4b0) 
thrown [s\open\src\hotspot\share\interpreter\linkResolver.cpp, line 759]
Event: 8.975 Thread 0x0000026f6d9bdef0 Exception <a 'java/lang/NoSuchMethodError'{0x0000000090677800}: 'long java.lang.invoke.Invokers$Holder.invokeExact_MT(java.lang.Object, java.lang.Object)'> (0x0000000090677800) 
thrown [s\open\src\hotspot\share\interpreter\linkResolver.cpp, line 759]
Event: 8.975 Thread 0x0000026f6d9bfbd0 Exception <a 'java/lang/NoSuchMethodError'{0x0000000090679270}: 'long java.lang.invoke.Invokers$Holder.invokeExact_MT(java.lang.Object, java.lang.Object)'> (0x0000000090679270) 
thrown [s\open\src\hotspot\share\interpreter\linkResolver.cpp, line 759]
Event: 8.975 Thread 0x0000026f6d9bda20 Exception <a 'java/lang/NoSuchMethodError'{0x0000000090676560}: 'long java.lang.invoke.Invokers$Holder.invokeExact_MT(java.lang.Object, java.lang.Object)'> (0x0000000090676560) 
thrown [s\open\src\hotspot\share\interpreter\linkResolver.cpp, line 759]
Event: 8.975 Thread 0x0000026f6d9c0a40 Exception <a 'java/lang/NoSuchMethodError'{0x000000009067a588}: 'long java.lang.invoke.Invokers$Holder.invokeExact_MT(java.lang.Object, java.lang.Object)'> (0x000000009067a588) 
thrown [s\open\src\hotspot\share\interpreter\linkResolver.cpp, line 759]
Event: 8.975 Thread 0x0000026f6d9bbd40 Exception <a 'java/lang/NoSuchMethodError'{0x000000009066c2a0}: 'long java.lang.invoke.Invokers$Holder.invokeExact_MT(java.lang.Object, java.lang.Object)'> (0x000000009066c2a0) 
thrown [s\open\src\hotspot\share\interpreter\linkResolver.cpp, line 759]
Event: 8.989 Thread 0x0000026f6d9bfbd0 Exception <a 'java/lang/IncompatibleClassChangeError'{0x0000000090553128}: Found class java.lang.Object, but interface was expected> (0x0000000090553128) 
thrown [s\open\src\hotspot\share\interpreter\linkResolver.cpp, line 826]
Event: 8.989 Thread 0x0000026f6d9bc6e0 Exception <a 'java/lang/IncompatibleClassChangeError'{0x00000000905587c8}: Found class java.lang.Object, but interface was expected> (0x00000000905587c8) 
thrown [s\open\src\hotspot\share\interpreter\linkResolver.cpp, line 826]
Event: 8.989 Thread 0x0000026f6d9bbd40 Exception <a 'java/lang/IncompatibleClassChangeError'{0x0000000090556d20}: Found class java.lang.Object, but interface was expected> (0x0000000090556d20) 
thrown [s\open\src\hotspot\share\interpreter\linkResolver.cpp, line 826]
Event: 8.989 Thread 0x0000026f6d9c0a40 Exception <a 'java/lang/IncompatibleClassChangeError'{0x0000000090555d50}: Found class java.lang.Object, but interface was expected> (0x0000000090555d50) 
thrown [s\open\src\hotspot\share\interpreter\linkResolver.cpp, line 826]
Event: 8.989 Thread 0x0000026f6d9bda20 Exception <a 'java/lang/IncompatibleClassChangeError'{0x0000000090552050}: Found class java.lang.Object, but interface was expected> (0x0000000090552050) 
thrown [s\open\src\hotspot\share\interpreter\linkResolver.cpp, line 826]
Event: 8.989 Thread 0x0000026f6d9bdef0 Exception <a 'java/lang/IncompatibleClassChangeError'{0x0000000090554318}: Found class java.lang.Object, but interface was expected> (0x0000000090554318) 
thrown [s\open\src\hotspot\share\interpreter\linkResolver.cpp, line 826]

VM Operations (20 events):
Event: 8.764 Executing VM operation: HandshakeAllThreads
Event: 8.764 Executing VM operation: HandshakeAllThreads done
Event: 8.774 Executing VM operation: HandshakeAllThreads
Event: 8.774 Executing VM operation: HandshakeAllThreads done
Event: 8.781 Executing VM operation: HandshakeAllThreads
Event: 8.781 Executing VM operation: HandshakeAllThreads done
Event: 8.795 Executing VM operation: G1CollectForAllocation
Event: 8.801 Executing VM operation: G1CollectForAllocation done
Event: 8.814 Executing VM operation: G1CollectForAllocation
Event: 8.817 Executing VM operation: G1CollectForAllocation done
Event: 8.882 Executing VM operation: HandshakeAllThreads
Event: 8.882 Executing VM operation: HandshakeAllThreads done
Event: 8.886 Executing VM operation: HandshakeAllThreads
Event: 8.886 Executing VM operation: HandshakeAllThreads done
Event: 9.137 Executing VM operation: ICBufferFull
Event: 9.138 Executing VM operation: ICBufferFull done
Event: 9.138 Executing VM operation: ICBufferFull
Event: 9.138 Executing VM operation: ICBufferFull done
Event: 9.329 Executing VM operation: G1CollectForAllocation
Event: 9.332 Executing VM operation: G1CollectForAllocation done

Events (20 events):
Event: 8.215 Thread 0x0000026f67172670 flushing nmethod 0x0000026f518bf590
Event: 8.216 Thread 0x0000026f67172670 flushing nmethod 0x0000026f519c2a90
Event: 8.216 Thread 0x0000026f67172670 flushing nmethod 0x0000026f519c3690
Event: 8.216 Thread 0x0000026f67172670 flushing nmethod 0x0000026f519c3a90
Event: 8.216 Thread 0x0000026f67172670 flushing nmethod 0x0000026f519d6b10
Event: 8.216 Thread 0x0000026f67172670 flushing nmethod 0x0000026f51a03010
Event: 8.216 Thread 0x0000026f67172670 flushing nmethod 0x0000026f51a06390
Event: 8.216 Thread 0x0000026f67172670 flushing nmethod 0x0000026f51a11e90
Event: 8.216 Thread 0x0000026f67172670 flushing nmethod 0x0000026f51a28e90
Event: 8.216 Thread 0x0000026f67172670 flushing nmethod 0x0000026f51a2a490
Event: 8.392 Thread 0x0000026f6d9bd550 Thread added: 0x0000026f6d9bd550
Event: 8.399 Thread 0x0000026f6d9c0570 Thread added: 0x0000026f6d9c0570
Event: 8.399 Thread 0x0000026f6d9c0570 Thread exited: 0x0000026f6d9c0570
Event: 8.399 Thread 0x0000026f6d9c18b0 Thread added: 0x0000026f6d9c18b0
Event: 8.433 Thread 0x0000026f6d9c0570 Thread added: 0x0000026f6d9c0570
Event: 8.435 Thread 0x0000026f6d9ba530 Thread added: 0x0000026f6d9ba530
Event: 8.453 Thread 0x0000026f6bfb98d0 Thread exited: 0x0000026f6bfb98d0
Event: 8.455 Thread 0x0000026f6bf92540 Thread exited: 0x0000026f6bf92540
Event: 8.456 Thread 0x0000026f491017f0 Thread exited: 0x0000026f491017f0
Event: 8.456 Thread 0x0000026f6d9c0f10 Thread added: 0x0000026f6d9c0f10


Dynamic libraries:
0x00007ff7ef9b0000 - 0x00007ff7ef9c0000 	C:\Program Files\Java\jdk-18.0.2.1\bin\java.exe
0x00007ffb38110000 - 0x00007ffb38327000 	C:\WINDOWS\SYSTEM32\ntdll.dll
0x00007ffb37160000 - 0x00007ffb37224000 	C:\WINDOWS\System32\KERNEL32.DLL
0x00007ffb355c0000 - 0x00007ffb3596d000 	C:\WINDOWS\System32\KERNELBASE.dll
0x00007ffb35d20000 - 0x00007ffb35e31000 	C:\WINDOWS\System32\ucrtbase.dll
0x00007ffb23b40000 - 0x00007ffb23b58000 	C:\Program Files\Java\jdk-18.0.2.1\bin\jli.dll
0x00007ffb23b80000 - 0x00007ffb23b9a000 	C:\Program Files\Java\jdk-18.0.2.1\bin\VCRUNTIME140.dll
0x00007ffb37570000 - 0x00007ffb37622000 	C:\WINDOWS\System32\ADVAPI32.dll
0x00007ffb37230000 - 0x00007ffb372d7000 	C:\WINDOWS\System32\msvcrt.dll
0x00007ffb38020000 - 0x00007ffb380c9000 	C:\WINDOWS\System32\sechost.dll
0x00007ffb35cc0000 - 0x00007ffb35ce8000 	C:\WINDOWS\System32\bcrypt.dll
0x00007ffb372e0000 - 0x00007ffb373f4000 	C:\WINDOWS\System32\RPCRT4.dll
0x00007ffb37640000 - 0x00007ffb377ee000 	C:\WINDOWS\System32\USER32.dll
0x00007ffb35cf0000 - 0x00007ffb35d16000 	C:\WINDOWS\System32\win32u.dll
0x00007ffb236d0000 - 0x00007ffb23963000 	C:\WINDOWS\WinSxS\amd64_microsoft.windows.common-controls_6595b64144ccf1df_6.0.22621.3672_none_2713b9d173822955\COMCTL32.dll
0x00007ffb37480000 - 0x00007ffb374a9000 	C:\WINDOWS\System32\GDI32.dll
0x00007ffb354a0000 - 0x00007ffb355b9000 	C:\WINDOWS\System32\gdi32full.dll
0x00007ffb35970000 - 0x00007ffb35a0a000 	C:\WINDOWS\System32\msvcp_win.dll
0x00007ffb300b0000 - 0x00007ffb300ba000 	C:\WINDOWS\SYSTEM32\VERSION.dll
0x00007ffb37e50000 - 0x00007ffb37e81000 	C:\WINDOWS\System32\IMM32.DLL
0x00007ffb27cb0000 - 0x00007ffb27cbc000 	C:\Program Files\Java\jdk-18.0.2.1\bin\vcruntime140_1.dll
0x00007ffb018c0000 - 0x00007ffb0194d000 	C:\Program Files\Java\jdk-18.0.2.1\bin\msvcp140.dll
0x00007ffaafee0000 - 0x00007ffab0af1000 	C:\Program Files\Java\jdk-18.0.2.1\bin\server\jvm.dll
0x00007ffb37920000 - 0x00007ffb37928000 	C:\WINDOWS\System32\PSAPI.DLL
0x00007ffb32340000 - 0x00007ffb32349000 	C:\WINDOWS\SYSTEM32\WSOCK32.dll
0x00007ffb37ec0000 - 0x00007ffb37f31000 	C:\WINDOWS\System32\WS2_32.dll
0x00007ffb2f800000 - 0x00007ffb2f834000 	C:\WINDOWS\SYSTEM32\WINMM.dll
0x00007ffb34430000 - 0x00007ffb34448000 	C:\WINDOWS\SYSTEM32\kernel.appcore.dll
0x00007ffb247b0000 - 0x00007ffb247ba000 	C:\Program Files\Java\jdk-18.0.2.1\bin\jimage.dll
0x00007ffb32de0000 - 0x00007ffb33012000 	C:\WINDOWS\SYSTEM32\DBGHELP.DLL
0x00007ffb36b30000 - 0x00007ffb36ebd000 	C:\WINDOWS\System32\combase.dll
0x00007ffb37f40000 - 0x00007ffb38017000 	C:\WINDOWS\System32\OLEAUT32.dll
0x00007ffb12ef0000 - 0x00007ffb12f22000 	C:\WINDOWS\SYSTEM32\dbgcore.DLL
0x00007ffb35ad0000 - 0x00007ffb35b4b000 	C:\WINDOWS\System32\bcryptPrimitives.dll
0x00007ffb30660000 - 0x00007ffb3066e000 	C:\Program Files\Java\jdk-18.0.2.1\bin\instrument.dll
0x00007ffb223e0000 - 0x00007ffb22405000 	C:\Program Files\Java\jdk-18.0.2.1\bin\java.dll
0x00007ffad57f0000 - 0x00007ffad58c6000 	C:\Program Files\Java\jdk-18.0.2.1\bin\jsvml.dll
0x00007ffb362c0000 - 0x00007ffb36b28000 	C:\WINDOWS\System32\SHELL32.dll
0x00007ffb33330000 - 0x00007ffb33c2e000 	C:\WINDOWS\SYSTEM32\windows.storage.dll
0x00007ffb331f0000 - 0x00007ffb3332f000 	C:\WINDOWS\SYSTEM32\wintypes.dll
0x00007ffb37b90000 - 0x00007ffb37c89000 	C:\WINDOWS\System32\SHCORE.dll
0x00007ffb37510000 - 0x00007ffb3756e000 	C:\WINDOWS\System32\shlwapi.dll
0x00007ffb35360000 - 0x00007ffb35381000 	C:\WINDOWS\SYSTEM32\profapi.dll
0x00007ffb21170000 - 0x00007ffb21188000 	C:\Program Files\Java\jdk-18.0.2.1\bin\zip.dll
0x00007ffb22700000 - 0x00007ffb22713000 	C:\Program Files\Java\jdk-18.0.2.1\bin\net.dll
0x00007ffb304b0000 - 0x00007ffb305e6000 	C:\WINDOWS\SYSTEM32\WINHTTP.dll
0x00007ffb348b0000 - 0x00007ffb34919000 	C:\WINDOWS\system32\mswsock.dll
0x00007ffb22100000 - 0x00007ffb22116000 	C:\Program Files\Java\jdk-18.0.2.1\bin\nio.dll
0x00007ffb2edf0000 - 0x00007ffb2ee0a000 	C:\Program Files\JetBrains\IntelliJ IDEA Community Edition 2023.2.2\bin\breakgen64.dll
0x00007ffb30650000 - 0x00007ffb30659000 	C:\Program Files\Java\jdk-18.0.2.1\bin\management.dll
0x00007ffb30640000 - 0x00007ffb3064b000 	C:\Program Files\Java\jdk-18.0.2.1\bin\management_ext.dll
0x00007ffb30630000 - 0x00007ffb3063e000 	C:\Program Files\Java\jdk-18.0.2.1\bin\sunmscapi.dll
0x00007ffb35b50000 - 0x00007ffb35cb7000 	C:\WINDOWS\System32\CRYPT32.dll
0x00007ffb34cd0000 - 0x00007ffb34cfe000 	C:\WINDOWS\SYSTEM32\ncrypt.dll
0x00007ffb34c90000 - 0x00007ffb34cc7000 	C:\WINDOWS\SYSTEM32\NTASN1.dll
0x00007ffb34b30000 - 0x00007ffb34b4b000 	C:\WINDOWS\SYSTEM32\CRYPTSP.dll
0x00007ffb34390000 - 0x00007ffb343c5000 	C:\WINDOWS\system32\rsaenh.dll
0x00007ffb349d0000 - 0x00007ffb349f8000 	C:\WINDOWS\SYSTEM32\USERENV.dll
0x00007ffb34b50000 - 0x00007ffb34b5c000 	C:\WINDOWS\SYSTEM32\CRYPTBASE.dll
0x00007ffb33e90000 - 0x00007ffb33ebd000 	C:\WINDOWS\SYSTEM32\IPHLPAPI.DLL
0x00007ffb37630000 - 0x00007ffb37639000 	C:\WINDOWS\System32\NSI.dll
0x00007ffb30c10000 - 0x00007ffb30c29000 	C:\WINDOWS\SYSTEM32\dhcpcsvc6.DLL
0x00007ffb30b50000 - 0x00007ffb30b6f000 	C:\WINDOWS\SYSTEM32\dhcpcsvc.DLL
0x00007ffb33f00000 - 0x00007ffb33ff8000 	C:\WINDOWS\SYSTEM32\DNSAPI.dll
0x00007ffb23aa0000 - 0x00007ffb23ab0000 	C:\Program Files\Java\jdk-18.0.2.1\bin\verify.dll
0x00007ffb30b70000 - 0x00007ffb30b7a000 	C:\Windows\System32\rasadhlp.dll
0x00007ffb2f390000 - 0x00007ffb2f413000 	C:\WINDOWS\System32\fwpuclnt.dll

dbghelp: loaded successfully - version: 4.0.5 - missing functions: none
symbol engine: initialized successfully - sym options: 0x614 - pdb path: .;C:\Program Files\Java\jdk-18.0.2.1\bin;C:\WINDOWS\SYSTEM32;C:\WINDOWS\WinSxS\amd64_microsoft.windows.common-controls_6595b64144ccf1df_6.0.22621.3672_none_2713b9d173822955;C:\Program Files\Java\jdk-18.0.2.1\bin\server;C:\Program Files\JetBrains\IntelliJ IDEA Community Edition 2023.2.2\bin

VM Arguments:
jvm_args: -javaagent:C:\Program Files\JetBrains\IntelliJ IDEA Community Edition 2023.2.2\lib\idea_rt.jar=65335:C:\Program Files\JetBrains\IntelliJ IDEA Community Edition 2023.2.2\bin -Dfile.encoding=UTF-8 -Dsun.stdout.encoding=UTF-8 -Dsun.stderr.encoding=UTF-8 
java_command: com.example.foodApp.FoodAppApplication
java_class_path (initial): D:\spring\foodApp\foodApp\target\classes;C:\Users\ACER\.m2\repository\org\springframework\boot\spring-boot-starter-data-jpa\3.3.0\spring-boot-starter-data-jpa-3.3.0.jar;C:\Users\ACER\.m2\repository\org\springframework\boot\spring-boot-starter-aop\3.3.0\spring-boot-starter-aop-3.3.0.jar;C:\Users\ACER\.m2\repository\org\aspectj\aspectjweaver\1.9.22\aspectjweaver-1.9.22.jar;C:\Users\ACER\.m2\repository\org\springframework\boot\spring-boot-starter-jdbc\3.3.0\spring-boot-starter-jdbc-3.3.0.jar;C:\Users\ACER\.m2\repository\com\zaxxer\HikariCP\5.1.0\HikariCP-5.1.0.jar;C:\Users\ACER\.m2\repository\org\springframework\spring-jdbc\6.1.8\spring-jdbc-6.1.8.jar;C:\Users\ACER\.m2\repository\org\hibernate\orm\hibernate-core\6.5.2.Final\hibernate-core-6.5.2.Final.jar;C:\Users\ACER\.m2\repository\jakarta\persistence\jakarta.persistence-api\3.1.0\jakarta.persistence-api-3.1.0.jar;C:\Users\ACER\.m2\repository\jakarta\transaction\jakarta.transaction-api\2.0.1\jakarta.transaction-api-2.0.1.jar;C:\Users\ACER\.m2\repository\org\jboss\logging\jboss-logging\3.5.3.Final\jboss-logging-3.5.3.Final.jar;C:\Users\ACER\.m2\repository\org\hibernate\common\hibernate-commons-annotations\6.0.6.Final\hibernate-commons-annotations-6.0.6.Final.jar;C:\Users\ACER\.m2\repository\io\smallrye\jandex\3.1.2\jandex-3.1.2.jar;C:\Users\ACER\.m2\repository\com\fasterxml\classmate\1.7.0\classmate-1.7.0.jar;C:\Users\ACER\.m2\repository\net\bytebuddy\byte-buddy\1.14.16\byte-buddy-1.14.16.jar;C:\Users\ACER\.m2\repository\org\glassfish\jaxb\jaxb-runtime\4.0.5\jaxb-runtime-4.0.5.jar;C:\Users\ACER\.m2\repository\org\glassfish\jaxb\jaxb-core\4.0.5\jaxb-core-4.0.5.jar;C:\Users\ACER\.m2\repository\org\eclipse\angus\angus-activation\2.0.2\angus-activation-2.0.2.jar;C:\Users\ACER\.m2\repository\org\glassfish\jaxb\txw2\4.0.5\txw2-4.0.5.jar;C:\Users\ACER\.m2\repository\com\sun\istack\istack-commons-runtime\4.1.2\istack-commons-runtime-4.1.2.jar;C:\Users\ACER\.m2\repository\jakarta\inject\jakarta.inject-api\2.0.1\jakarta.inject-api-2.0.1.jar;C:\Users\ACER\.m2\repository\org\antlr\antlr4-runtime\4.13.0\antlr4-runtime-4.13.0.jar;C:\Users\ACER\.m2\repository\org\springframework\data\spring-data-jpa\3.3.0\spring-data-jpa-3.3.0.jar;C:\Users\ACER\.m2\repository\org\springframework\data\spring-data-commons\3.3.0\spring-data-commons-3.3.0.jar;C:\Users\ACER\.m2\repository\org\springframework\spring-orm\6.1.8\spring-orm-6.1.8.jar;C:\Users\ACER\.m2\repository\org\springframework\spring-context\6.1.8\spring-context-6.1.8.jar;C:\Users\ACER\.m2\repository\org\springframework\spring-tx\6.1.8\spring-tx-6.1.8.jar;C:\Users\ACER\.m2\repository\org\springframework\spring-beans\6.1.8\spring-beans-6.1.8.jar;C:\Users\ACER\.m2\repository\jakarta\annotation\jakarta.annotation-api\2.1.1\jakarta.annotation-api-2.1.1.jar;C:\Users\ACER\.m2\repository\org\springframework\spring-aspects\6.1.8\spring-aspects-6.1.8.jar;C:\Users\ACER\.m2\repository\org\springframework\boot\spring-boot-starter-security\3.3.0\spring-boot-starter-security-3.3.0.jar;C:\Users\ACER\.m2\repository\org\springframework\boot\spring-boot-starter\3.3.0\spring-boot-starter-3.3.0.jar;C:\Users\ACER\.m2\repository\org\yaml\snakeyaml\2.2\snakeyaml-2.2.jar;C:\Users\ACER\.m2\repository\org\springframework\spring-aop\6.1.8\spring-aop-6.1.8.jar;C:\Users\ACER\.m2\repository\org\springframework\security\spring-security-config\6.3.0\spring-security-config-6.3.0.jar;C:\Users\ACER\.m2\repository\org\springframework\security\spring-security-web\6.3.0\spring-security-web-6.3.0.jar;C:\Users\ACER\.m2\repository\org\springframework\spring-expression\6.1.8\spring-expression-6.1.8.jar;C:\Users\ACER\.m2\repository\org\springframework\boot\spring-boot-starter-web\3.3.0\spring-boot-starter-web-3.3.0.jar;C:\Users\ACER\.m2\repository\org\springframework\boot\spring-boot-starter-json\3.3.0\spring-boot-starter-json-3.3.0.jar;C:\Users\ACER\.m2\repository\com\fasterxml\jackson\datatype\jackson-datatype-jdk8\2.17.1\jackson-datatype-jdk8-2.17.1.jar;C:\Users\ACER\.m2\repository\com\fasterxml\jackson\datatype\jackson-datatype-jsr310\2.17.1\jackson-datatype-jsr310-2.17.1.jar;C:\Users\ACER\.m2\repository\com\fasterxml\jackson\module\jackson-module-parameter-names\2.17.1\jackson-module-parameter-names-2.17.1.jar;C:\Users\ACER\.m2\repository\org\springframework\boot\spring-boot-starter-tomcat\3.3.0\spring-boot-starter-tomcat-3.3.0.jar;C:\Users\ACER\.m2\repository\org\apache\tomcat\embed\tomcat-embed-core\10.1.24\tomcat-embed-core-10.1.24.jar;C:\Users\ACER\.m2\repository\org\apache\tomcat\embed\tomcat-embed-el\10.1.24\tomcat-embed-el-10.1.24.jar;C:\Users\ACER\.m2\repository\org\apache\tomcat\embed\tomcat-embed-websocket\10.1.24\tomcat-embed-websocket-10.1.24.jar;C:\Users\ACER\.m2\repository\org\springframework\spring-web\6.1.8\spring-web-6.1.8.jar;C:\Users\ACER\.m2\repository\io\micrometer\micrometer-observation\1.13.0\micrometer-observation-1.13.0.jar;C:\Users\ACER\.m2\repository\io\micrometer\micrometer-commons\1.13.0\micrometer-commons-1.13.0.jar;C:\Users\ACER\.m2\repository\org\springframework\spring-webmvc\6.1.8\spring-webmvc-6.1.8.jar;C:\Users\ACER\.m2\repository\com\mysql\mysql-connector-j\8.3.0\mysql-connector-j-8.3.0.jar;C:\Users\ACER\.m2\repository\org\projectlombok\lombok\1.18.32\lombok-1.18.32.jar;C:\Users\ACER\.m2\repository\jakarta\xml\bind\jakarta.xml.bind-api\4.0.2\jakarta.xml.bind-api-4.0.2.jar;C:\Users\ACER\.m2\repository\jakarta\activation\jakarta.activation-api\2.1.3\jakarta.activation-api-2.1.3.jar;C:\Users\ACER\.m2\repository\org\springframework\spring-core\6.1.8\spring-core-6.1.8.jar;C:\Users\ACER\.m2\repository\org\springframework\spring-jcl\6.1.8\spring-jcl-6.1.8.jar;C:\Users\ACER\.m2\repository\org\springframework\security\spring-security-core\6.3.0\spring-security-core-6.3.0.jar;C:\Users\ACER\.m2\repository\org\springframework\security\spring-security-crypto\6.3.0\spring-security-crypto-6.3.0.jar;C:\Users\ACER\.m2\repository\io\jsonwebtoken\jjwt-impl\0.11.5\jjwt-impl-0.11.5.jar;C:\Users\ACER\.m2\repository\io\jsonwebtoken\jjwt-api\0.11.5\jjwt-api-0.11.5.jar;C:\Users\ACER\.m2\repository\org\springframework\boot\spring-boot-devtools\3.3.0\spring-boot-devtools-3.3.0.jar;C:\Users\ACER\.m2\repository\org\springframework\boot\spring-boot\3.3.0\spring-boot-3.3.0.jar;C:\Users\ACER\.m2\repository\org\springframework\boot\spring-boot-autoconfigure\3.3.0\spring-boot-autoconfigure-3.3.0.jar;C:\Users\ACER\.m2\repository\io\jsonwebtoken\jjwt-jackson\0.11.5\jjwt-jackson-0.11.5.jar;C:\Users\ACER\.m2\repository\com\fasterxml\jackson\core\jackson-databind\2.17.1\jackson-databind-2.17.1.jar;C:\Users\ACER\.m2\repository\com\fasterxml\jackson\core\jackson-annotations\2.17.1\jackson-annotations-2.17.1.jar;C:\Users\ACER\.m2\repository\com\fasterxml\jackson\core\jackson-core\2.17.1\jackson-core-2.17.1.jar;C:\Users\ACER\.m2\repository\org\springframework\boot\spring-boot-starter-logging\3.3.0\spring-boot-starter-logging-3.3.0.jar;C:\Users\ACER\.m2\repository\org\apache\logging\log4j\log4j-to-slf4j\2.23.1\log4j-to-slf4j-2.23.1.jar;C:\Users\ACER\.m2\repository\org\apache\logging\log4j\log4j-api\2.23.1\log4j-api-2.23.1.jar;C:\Users\ACER\.m2\repository\org\slf4j\jul-to-slf4j\2.0.13\jul-to-slf4j-2.0.13.jar;C:\Users\ACER\.m2\repository\ch\qos\logback\logback-classic\1.5.6\logback-classic-1.5.6.jar;C:\Users\ACER\.m2\repository\ch\qos\logback\logback-core\1.5.6\logback-core-1.5.6.jar;C:\Users\ACER\.m2\repository\org\slf4j\slf4j-api\2.0.13\slf4j-api-2.0.13.jar
Launcher Type: SUN_STANDARD

[Global flags]
     intx CICompilerCount                          = 4                                         {product} {ergonomic}
     uint ConcGCThreads                            = 3                                         {product} {ergonomic}
     uint G1ConcRefinementThreads                  = 10                                        {product} {ergonomic}
   size_t G1HeapRegionSize                         = 1048576                                   {product} {ergonomic}
    uintx GCDrainStackTargetSize                   = 64                                        {product} {ergonomic}
   size_t InitialHeapSize                          = 123731968                                 {product} {ergonomic}
   size_t MarkStackSize                            = 4194304                                   {product} {ergonomic}
   size_t MaxHeapSize                              = 1971322880                                {product} {ergonomic}
   size_t MaxNewSize                               = 1182793728                                {product} {ergonomic}
   size_t MinHeapDeltaBytes                        = 1048576                                   {product} {ergonomic}
   size_t MinHeapSize                              = 8388608                                   {product} {ergonomic}
    uintx NonNMethodCodeHeapSize                   = 5839372                                {pd product} {ergonomic}
    uintx NonProfiledCodeHeapSize                  = 122909434                              {pd product} {ergonomic}
    uintx ProfiledCodeHeapSize                     = 122909434                              {pd product} {ergonomic}
    uintx ReservedCodeCacheSize                    = 251658240                              {pd product} {ergonomic}
     bool SegmentedCodeCache                       = true                                      {product} {ergonomic}
   size_t SoftMaxHeapSize                          = 1971322880                             {manageable} {ergonomic}
     bool UseCompressedClassPointers               = true                           {product lp64_product} {ergonomic}
     bool UseCompressedOops                        = true                           {product lp64_product} {ergonomic}
     bool UseG1GC                                  = true                                      {product} {ergonomic}
     bool UseLargePagesIndividualAllocation        = false                                  {pd product} {ergonomic}

Logging:
Log output configuration:
 #0: stdout all=warning uptime,level,tags foldmultilines=false
 #1: stderr all=off uptime,level,tags foldmultilines=false

Environment Variables:
PATH=C:\Program Files (x86)\VMware\VMware Workstation\bin\;C:\Program Files\Common Files\Oracle\Java\javapath;C:\Windows\system32;C:\Windows;C:\Windows\System32\Wbem;C:\Windows\System32\WindowsPowerShell\v1.0\;C:\Windows\System32\OpenSSH\;C:\Program Files\NVIDIA Corporation\NVIDIA NvDLISR;C:\WINDOWS\system32;C:\WINDOWS;C:\WINDOWS\System32\Wbem;C:\WINDOWS\System32\WindowsPowerShell\v1.0\;C:\WINDOWS\System32\OpenSSH\;C:\Program Files\Microsoft SQL Server\Client SDK\ODBC\170\Tools\Binn\;C:\Program Files\Azure Data Studio\bin;C:\Program Files (x86)\Microsoft SQL Server\160\Tools\Binn\;C:\Program Files\Microsoft SQL Server\160\Tools\Binn\;C:\Program Files\Microsoft SQL Server\160\DTS\Binn\;C:\Program Files\nodejs\;C:\Program Files (x86)\Microsoft SQL Server\160\DTS\Binn\;C:\Program Files\Microsoft SQL Server\150\Tools\Binn\;C:\Program Files\dotnet\;C:\Program Files (x86)\Bitvise SSH Client;C:\Program Files\Git\cmd;C:\Program Files\Docker\Docker\resources\bin;C:\Users\ACER\AppData\Local\Programs\Python\Python312\Scripts\;C:\Users\ACER\AppData\Local\Programs\Python\Python312\;C:\Users\ACER\AppData\Local\Microsoft\WindowsApps;;C:\Users\ACER\AppData\Local\Programs\Microsoft VS Code\bin;C:\Program Files\Azure Data Studio\bin;C:\Users\ACER\AppData\Roaming\npm;C:\Users\ACER\.dotnet\tools;C:\Program Files\JetBrains\IntelliJ IDEA Community Edition 2023.2.2\bin;
USERNAME=ACER
OS=Windows_NT
PROCESSOR_IDENTIFIER=AMD64 Family 23 Model 104 Stepping 1, AuthenticAMD



---------------  S Y S T E M  ---------------

OS:
 Windows 11 , 64 bit Build 22621 (10.0.22621.3958)
OS uptime: 1 days 3:00 hours
Hyper-V role detected

CPU: total 12 (initial active 12) (12 cores per cpu, 2 threads per core) family 23 model 104 stepping 1 microcode 0x0, cx8, cmov, fxsr, ht, mmx, 3dnowpref, sse, sse2, sse3, ssse3, sse4a, sse4.1, sse4.2, popcnt, lzcnt, tsc, tscinvbit, avx, avx2, aes, clmul, bmi1, bmi2, adx, sha, fma, vzeroupper, clflush, clflushopt, hv

Memory: 4k page, system-wide physical 7514M (486M free)
TotalPageFile size 31066M (AvailPageFile size 6M)
current process WorkingSet (physical memory assigned to process): 325M, peak: 325M
current process commit charge ("private bytes"): 370M, peak: 371M

vm_info: Java HotSpot(TM) 64-Bit Server VM (18.0.2.1+1-1) for windows-amd64 JRE (18.0.2.1+1-1), built on Aug 16 2022 01:46:33 by "mach5one" with MS VC++ 16.8 / 16.9 (VS2019)

END.
